TN:
SF:node_modules\.vite\deps\chunk-KVCYZR2Q.js
FNF:0
FNH:0
DA:1,1
DA:2,1
DA:3,1
DA:4,1
DA:5,1
DA:6,1
DA:7,1
DA:8,1
DA:9,1
DA:10,1
DA:11,1
DA:12,1
DA:13,1
DA:14,1
DA:15,1
DA:16,1
DA:17,1
DA:18,1
DA:19,1
DA:20,1
LF:20
LH:20
BRF:0
BRH:0
end_of_record
TN:
SF:node_modules\.vite\deps\lit.js
FNF:0
FNH:0
DA:1,1
DA:2,1
DA:3,1
DA:4,1
DA:5,1
DA:6,1
DA:7,1
DA:8,1
DA:9,1
DA:10,1
DA:11,1
DA:12,1
DA:13,1
DA:14,1
DA:15,1
DA:16,1
DA:17,1
DA:18,1
DA:19,1
DA:20,1
DA:21,1
DA:22,1
DA:23,1
DA:24,1
DA:25,1
DA:26,1
DA:27,1
DA:28,1
DA:29,1
DA:30,1
DA:31,1
DA:32,1
DA:33,1
DA:34,1
DA:35,1
DA:36,1
DA:37,1
DA:38,1
DA:39,1
DA:40,1
DA:41,1
DA:42,1
DA:43,1
DA:44,1
DA:45,1
DA:46,1
LF:46
LH:46
BRF:0
BRH:0
end_of_record
TN:
SF:node_modules\@esm-bundle\chai\input.js
FNF:0
FNH:0
DA:1,1
DA:2,1
DA:3,1
DA:4,1
DA:5,1
DA:6,1
DA:7,1
DA:8,1
DA:9,1
DA:10,1
DA:11,1
DA:12,1
DA:13,1
DA:14,1
LF:14
LH:14
BRF:0
BRH:0
end_of_record
TN:
SF:node_modules\@esm-bundle\chai\node_modules\.pnpm\chai@4.3.4\node_modules\chai\chai.js
FN:1,e2
FN:1,i2
FN:1,n.exports.1../lib/chai
FN:4,n.exports.2../chai/assertion
FN:41,n2.use
FN:98,n.exports.3../config
FN:108,t2.exports
FN:160,i2
FN:170,get
FN:174,set
FN:181,get
FN:185,set
FN:191,i2.addProperty
FN:195,i2.addMethod
FN:199,i2.addChainableMethod
FN:203,i2.overwriteProperty
FN:207,i2.overwriteMethod
FN:211,i2.overwriteChainableMethod
FN:230,i2.assert
FN:266,get
FN:269,set
FN:275,n.exports.4
FN:371,n.exports.5
FN:379,t2.exports
FN:672,i2
FN:835,s2
FN:839,a2
FN:843,c2
FN:1206,u2
FN:1342,f2
FN:1400,p2
FN:1465,l2
FN:1523,h2
FN:1628,d
FN:1732,y
FN:1837,b
FN:2038,g
FN:2187,w
FN:2276,m
FN:2403,v
FN:2491,x
FN:2495,O
FN:2554,j
FN:2710,M
FN:3004,P
FN:3199,N
FN:3279,E
FN:3333,S
FN:3361,k
FN:3532,A
FN:3667,D
FN:3784,T
FN:3903,q
FN:4009,C
FN:4226,n.exports.6
FN:4233,t2.exports
FN:4260,e3.assert
FN:4291,r2.fail
FN:4323,r2.isOk
FN:4343,r2.isNotOk
FN:4362,r2.equal
FN:4390,r2.notEqual
FN:4418,r2.strictEqual
FN:4437,r2.notStrictEqual
FN:4457,r2.deepEqual.r2.deepStrictEqual
FN:4476,r2.notDeepEqual
FN:4495,r2.isAbove
FN:4515,r2.isAtLeast
FN:4534,r2.isBelow
FN:4554,r2.isAtMost
FN:4573,r2.isTrue
FN:4592,r2.isNotTrue
FN:4611,r2.isFalse
FN:4630,r2.isNotFalse
FN:4648,r2.isNull
FN:4667,r2.isNotNull
FN:4685,r2.isNaN
FN:4702,r2.isNotNaN
FN:4722,r2.exists
FN:4744,r2.notExists
FN:4763,r2.isUndefined
FN:4782,r2.isDefined
FN:4801,r2.isFunction
FN:4820,r2.isNotFunction
FN:4840,r2.isObject
FN:4860,r2.isNotObject
FN:4879,r2.isArray
FN:4898,r2.isNotArray
FN:4917,r2.isString
FN:4936,r2.isNotString
FN:4955,r2.isNumber
FN:4974,r2.isNotNumber
FN:4995,r2.isFinite
FN:5017,r2.isBoolean
FN:5039,r2.isNotBoolean
FN:5064,r2.typeOf
FN:5084,r2.notTypeOf
FN:5106,r2.instanceOf
FN:5128,r2.notInstanceOf
FN:5164,r2.include
FN:5200,r2.notInclude
FN:5225,r2.deepInclude
FN:5250,r2.notDeepInclude
FN:5275,r2.nestedInclude
FN:5300,r2.notNestedInclude
FN:5326,r2.deepNestedInclude
FN:5352,r2.notDeepNestedInclude
FN:5374,r2.ownInclude
FN:5397,r2.notOwnInclude
FN:5418,r2.deepOwnInclude
FN:5440,r2.notDeepOwnInclude
FN:5460,r2.match
FN:5479,r2.notMatch
FN:5500,r2.property
FN:5520,r2.notProperty
FN:5543,r2.propertyVal
FN:5567,r2.notPropertyVal
FN:5589,r2.deepPropertyVal
FN:5613,r2.notDeepPropertyVal
FN:5633,r2.ownProperty
FN:5654,r2.notOwnProperty
FN:5676,r2.ownPropertyVal
FN:5699,r2.notOwnPropertyVal
FN:5721,r2.deepOwnPropertyVal
FN:5746,r2.notDeepOwnPropertyVal
FN:5768,r2.nestedProperty
FN:5790,r2.notNestedProperty
FN:5813,r2.nestedPropertyVal
FN:5837,r2.notNestedPropertyVal
FN:5860,r2.deepNestedPropertyVal
FN:5885,r2.notDeepNestedPropertyVal
FN:5908,r2.lengthOf
FN:5932,r2.hasAnyKeys
FN:5956,r2.hasAllKeys
FN:5984,r2.containsAllKeys
FN:6009,r2.doesNotHaveAnyKeys
FN:6034,r2.doesNotHaveAllKeys
FN:6063,r2.hasAnyDeepKeys
FN:6090,r2.hasAllDeepKeys
FN:6117,r2.containsAllDeepKeys
FN:6144,r2.doesNotHaveAnyDeepKeys
FN:6171,r2.doesNotHaveAllDeepKeys
FN:6207,r2.throws
FN:6247,r2.doesNotThrow
FN:6274,r2.operator
FN:6332,r2.closeTo
FN:6352,r2.approximately
FN:6373,r2.sameMembers
FN:6394,r2.notSameMembers
FN:6415,r2.sameDeepMembers
FN:6436,r2.notSameDeepMembers
FN:6457,r2.sameOrderedMembers
FN:6478,r2.notSameOrderedMembers
FN:6499,r2.sameDeepOrderedMembers
FN:6521,r2.notSameDeepOrderedMembers
FN:6542,r2.includeMembers
FN:6563,r2.notIncludeMembers
FN:6584,r2.includeDeepMembers
FN:6605,r2.notIncludeDeepMembers
FN:6627,r2.includeOrderedMembers
FN:6650,r2.notIncludeOrderedMembers
FN:6672,r2.includeDeepOrderedMembers
FN:6696,r2.notIncludeDeepOrderedMembers
FN:6716,r2.oneOf
FN:6738,r2.changes
FN:6766,r2.changesBy
FN:6798,r2.doesNotChange
FN:6827,r2.changesButNotBy
FN:6859,r2.increases
FN:6888,r2.increasesBy
FN:6920,r2.doesNotIncrease
FN:6949,r2.increasesButNotBy
FN:6981,r2.decreases
FN:7010,r2.decreasesBy
FN:7042,r2.doesNotDecrease
FN:7071,r2.doesNotDecreaseBy
FN:7104,r2.decreasesButNotBy
FN:7134,r2.ifError
FN:7155,r2.isExtensible
FN:7180,r2.isNotExtensible
FN:7204,r2.isSealed
FN:7223,r2.isNotSealed
FN:7244,r2.isFrozen
FN:7263,r2.isNotFrozen
FN:7289,r2.isEmpty
FN:7315,r2.isNotEmpty
FN:7323,e4
FN:7341,n.exports.7
FN:7348,t2.exports
FN:7349,e3.expect
FN:7375,e3.expect.fail
FN:7390,n.exports.8
FN:7397,t2.exports
FN:7400,o2
FN:7611,n.exports.9.../../chai
FN:7637,u2
FN:7684,t2.exports
FN:7686,u3
FN:7701,get
FN:7765,n.exports.10
FN:7808,t2.exports
FN:7812,get
FN:7827,n.exports.11.../../chai
FN:7866,t2.exports
FN:7867,c2
FN:7897,n.exports.12.../../chai
FN:7935,t2.exports
FN:7936,n3
FN:7939,e4
FN:7971,n.exports.13../inspect
FN:8000,t2.exports
FN:8004,n.exports.14../flag
FN:8029,t2.exports
FN:8057,n.exports.15
FN:8083,t2.exports
FN:8092,n.exports.16
FN:8110,t2.exports
FN:8114,n.exports.17
FN:8134,t2.exports
FN:8142,n.exports.18../flag
FN:8176,t2.exports
FN:8194,n.exports.19../flag
FN:8199,i2
FN:8222,t2.exports
FN:8251,n.exports.20../getOwnEnumerablePropertySymbols
FN:8278,t2.exports
FN:8282,n.exports.21
FN:8303,t2.exports
FN:8311,n.exports.22
FN:8331,t2.exports
FN:8349,n.exports.23../addChainableMethod
FN:8528,n.exports.24.../config
FN:8554,a2
FN:8564,c2
FN:8576,u2
FN:8727,f2
FN:8759,p2
FN:8763,l2
FN:8783,h2
FN:8803,d
FN:8865,y
FN:8882,b
FN:8888,g
FN:8893,w
FN:8897,m
FN:8901,v
FN:8905,x
FN:8909,n.exports.25
FN:8928,o2
FN:8937,n.exports.26.../config
FN:8957,t2.exports
FN:8963,n.exports.27.../config
FN:8990,t2.exports
FN:9015,n.exports.28.../../chai
FN:9058,t2.exports
FN:9062,s2.chainingBehavior
FN:9074,s2.method
FN:9086,n.exports.29.../../chai
FN:9133,t2.exports
FN:9135,u2
FN:9142,f2
FN:9180,n.exports.30.../../chai
FN:9226,t2.exports
FN:9228,c2
FN:9234,e4
FN:9274,n.exports.31.../config
FN:9387,c2
FN:9307,t2.exports
FN:9311,e4
FN:9423,n.exports.32../flag
FN:9447,t2.exports
FN:9453,n.exports.33
FN:9483,t2.exports
FN:9500,n.exports.34
FN:9516,o2
FN:9555,r2
FN:9606,r2.toJSON
FN:9618,n.exports.35
FN:9649,o2
FN:9669,r2
FN:9695,i2
FN:9719,a2
FN:9745,c2
FN:9773,u2
FN:9792,n.exports.36.type-detect
FN:9802,r2
FN:9807,get
FN:9810,set
FN:9829,s2
FN:9852,a2
FN:9886,c2
FN:9907,u2
FN:9943,f2
FN:9989,p2
FN:10041,l2
FN:10054,h2
FN:10082,d
FN:10108,y
FN:10118,b
FN:10132,g
FN:10149,w
FN:10165,m
FN:10183,v
FN:10206,x
FN:10245,O
FN:10249,n.exports.37
FN:10273,i2
FN:10295,n.exports.38
FN:10342,o2
FN:10370,r2
FN:10409,i2
FN:10446,s2
FN:10500,a2
FN:10547,c2
FN:10585,u2
FN:10598,n.exports.39
FN:10643,x
FNF:317
FNH:91
FNDA:1,e2
FNDA:87,i2
FNDA:1,n.exports.1../lib/chai
FNDA:1,n.exports.2../chai/assertion
FNDA:9,n2.use
FNDA:1,n.exports.3../config
FNDA:1,t2.exports
FNDA:24,i2
FNDA:0,get
FNDA:0,set
FNDA:0,get
FNDA:0,set
FNDA:46,i2.addProperty
FNDA:59,i2.addMethod
FNDA:9,i2.addChainableMethod
FNDA:4,i2.overwriteProperty
FNDA:4,i2.overwriteMethod
FNDA:2,i2.overwriteChainableMethod
FNDA:6,i2.assert
FNDA:7,get
FNDA:0,set
FNDA:1,n.exports.4
FNDA:1,n.exports.5
FNDA:1,t2.exports
FNDA:0,i2
FNDA:0,s2
FNDA:0,a2
FNDA:0,c2
FNDA:0,u2
FNDA:0,f2
FNDA:4,p2
FNDA:2,l2
FNDA:0,h2
FNDA:0,d
FNDA:0,y
FNDA:0,b
FNDA:1,g
FNDA:0,w
FNDA:0,m
FNDA:0,v
FNDA:0,x
FNDA:0,O
FNDA:0,j
FNDA:0,M
FNDA:0,P
FNDA:0,N
FNDA:0,E
FNDA:0,S
FNDA:0,k
FNDA:0,A
FNDA:0,D
FNDA:0,T
FNDA:0,q
FNDA:0,C
FNDA:1,n.exports.6
FNDA:1,t2.exports
FNDA:0,e3.assert
FNDA:0,r2.fail
FNDA:0,r2.isOk
FNDA:0,r2.isNotOk
FNDA:0,r2.equal
FNDA:0,r2.notEqual
FNDA:0,r2.strictEqual
FNDA:0,r2.notStrictEqual
FNDA:0,r2.deepEqual.r2.deepStrictEqual
FNDA:0,r2.notDeepEqual
FNDA:0,r2.isAbove
FNDA:0,r2.isAtLeast
FNDA:0,r2.isBelow
FNDA:0,r2.isAtMost
FNDA:0,r2.isTrue
FNDA:0,r2.isNotTrue
FNDA:0,r2.isFalse
FNDA:0,r2.isNotFalse
FNDA:0,r2.isNull
FNDA:0,r2.isNotNull
FNDA:0,r2.isNaN
FNDA:0,r2.isNotNaN
FNDA:0,r2.exists
FNDA:0,r2.notExists
FNDA:0,r2.isUndefined
FNDA:0,r2.isDefined
FNDA:0,r2.isFunction
FNDA:0,r2.isNotFunction
FNDA:0,r2.isObject
FNDA:0,r2.isNotObject
FNDA:0,r2.isArray
FNDA:0,r2.isNotArray
FNDA:0,r2.isString
FNDA:0,r2.isNotString
FNDA:0,r2.isNumber
FNDA:0,r2.isNotNumber
FNDA:0,r2.isFinite
FNDA:0,r2.isBoolean
FNDA:0,r2.isNotBoolean
FNDA:0,r2.typeOf
FNDA:0,r2.notTypeOf
FNDA:0,r2.instanceOf
FNDA:0,r2.notInstanceOf
FNDA:0,r2.include
FNDA:0,r2.notInclude
FNDA:0,r2.deepInclude
FNDA:0,r2.notDeepInclude
FNDA:0,r2.nestedInclude
FNDA:0,r2.notNestedInclude
FNDA:0,r2.deepNestedInclude
FNDA:0,r2.notDeepNestedInclude
FNDA:0,r2.ownInclude
FNDA:0,r2.notOwnInclude
FNDA:0,r2.deepOwnInclude
FNDA:0,r2.notDeepOwnInclude
FNDA:0,r2.match
FNDA:0,r2.notMatch
FNDA:0,r2.property
FNDA:0,r2.notProperty
FNDA:0,r2.propertyVal
FNDA:0,r2.notPropertyVal
FNDA:0,r2.deepPropertyVal
FNDA:0,r2.notDeepPropertyVal
FNDA:0,r2.ownProperty
FNDA:0,r2.notOwnProperty
FNDA:0,r2.ownPropertyVal
FNDA:0,r2.notOwnPropertyVal
FNDA:0,r2.deepOwnPropertyVal
FNDA:0,r2.notDeepOwnPropertyVal
FNDA:0,r2.nestedProperty
FNDA:0,r2.notNestedProperty
FNDA:0,r2.nestedPropertyVal
FNDA:0,r2.notNestedPropertyVal
FNDA:0,r2.deepNestedPropertyVal
FNDA:0,r2.notDeepNestedPropertyVal
FNDA:0,r2.lengthOf
FNDA:0,r2.hasAnyKeys
FNDA:0,r2.hasAllKeys
FNDA:0,r2.containsAllKeys
FNDA:0,r2.doesNotHaveAnyKeys
FNDA:0,r2.doesNotHaveAllKeys
FNDA:0,r2.hasAnyDeepKeys
FNDA:0,r2.hasAllDeepKeys
FNDA:0,r2.containsAllDeepKeys
FNDA:0,r2.doesNotHaveAnyDeepKeys
FNDA:0,r2.doesNotHaveAllDeepKeys
FNDA:0,r2.throws
FNDA:0,r2.doesNotThrow
FNDA:0,r2.operator
FNDA:0,r2.closeTo
FNDA:0,r2.approximately
FNDA:0,r2.sameMembers
FNDA:0,r2.notSameMembers
FNDA:0,r2.sameDeepMembers
FNDA:0,r2.notSameDeepMembers
FNDA:0,r2.sameOrderedMembers
FNDA:0,r2.notSameOrderedMembers
FNDA:0,r2.sameDeepOrderedMembers
FNDA:0,r2.notSameDeepOrderedMembers
FNDA:0,r2.includeMembers
FNDA:0,r2.notIncludeMembers
FNDA:0,r2.includeDeepMembers
FNDA:0,r2.notIncludeDeepMembers
FNDA:0,r2.includeOrderedMembers
FNDA:0,r2.notIncludeOrderedMembers
FNDA:0,r2.includeDeepOrderedMembers
FNDA:0,r2.notIncludeDeepOrderedMembers
FNDA:0,r2.oneOf
FNDA:0,r2.changes
FNDA:0,r2.changesBy
FNDA:0,r2.doesNotChange
FNDA:0,r2.changesButNotBy
FNDA:0,r2.increases
FNDA:0,r2.increasesBy
FNDA:0,r2.doesNotIncrease
FNDA:0,r2.increasesButNotBy
FNDA:0,r2.decreases
FNDA:0,r2.decreasesBy
FNDA:0,r2.doesNotDecrease
FNDA:0,r2.doesNotDecreaseBy
FNDA:0,r2.decreasesButNotBy
FNDA:0,r2.ifError
FNDA:0,r2.isExtensible
FNDA:0,r2.isNotExtensible
FNDA:0,r2.isSealed
FNDA:0,r2.isNotSealed
FNDA:0,r2.isFrozen
FNDA:0,r2.isNotFrozen
FNDA:0,r2.isEmpty
FNDA:0,r2.isNotEmpty
FNDA:12,e4
FNDA:1,n.exports.7
FNDA:1,t2.exports
FNDA:5,e3.expect
FNDA:0,e3.expect.fail
FNDA:1,n.exports.8
FNDA:1,t2.exports
FNDA:0,o2
FNDA:1,n.exports.9.../../chai
FNDA:0,u2
FNDA:9,t2.exports
FNDA:0,u3
FNDA:0,get
FNDA:1,n.exports.10
FNDA:81,t2.exports
FNDA:0,get
FNDA:1,n.exports.11.../../chai
FNDA:77,t2.exports
FNDA:7,c2
FNDA:1,n.exports.12.../../chai
FNDA:52,t2.exports
FNDA:3,n3
FNDA:5,e4
FNDA:1,n.exports.13../inspect
FNDA:0,t2.exports
FNDA:1,n.exports.14../flag
FNDA:0,t2.exports
FNDA:1,n.exports.15
FNDA:211,t2.exports
FNDA:1,n.exports.16
FNDA:0,t2.exports
FNDA:1,n.exports.17
FNDA:0,t2.exports
FNDA:1,n.exports.18../flag
FNDA:0,t2.exports
FNDA:1,n.exports.19../flag
FNDA:0,i2
FNDA:0,t2.exports
FNDA:1,n.exports.20../getOwnEnumerablePropertySymbols
FNDA:0,t2.exports
FNDA:1,n.exports.21
FNDA:0,t2.exports
FNDA:1,n.exports.22
FNDA:0,t2.exports
FNDA:1,n.exports.23../addChainableMethod
FNDA:1,n.exports.24.../config
FNDA:0,a2
FNDA:0,c2
FNDA:0,u2
FNDA:0,f2
FNDA:0,p2
FNDA:0,l2
FNDA:0,h2
FNDA:0,d
FNDA:0,y
FNDA:0,b
FNDA:0,g
FNDA:0,w
FNDA:0,m
FNDA:0,v
FNDA:0,x
FNDA:1,n.exports.25
FNDA:0,o2
FNDA:1,n.exports.26.../config
FNDA:110,t2.exports
FNDA:1,n.exports.27.../config
FNDA:0,t2.exports
FNDA:1,n.exports.28.../../chai
FNDA:2,t2.exports
FNDA:0,s2.chainingBehavior
FNDA:0,s2.method
FNDA:1,n.exports.29.../../chai
FNDA:4,t2.exports
FNDA:0,u2
FNDA:5,f2
FNDA:1,n.exports.30.../../chai
FNDA:4,t2.exports
FNDA:0,c2
FNDA:0,e4
FNDA:1,n.exports.31.../config
FNDA:0,c2
FNDA:105,t2.exports
FNDA:205,e4
FNDA:1,n.exports.32../flag
FNDA:6,t2.exports
FNDA:1,n.exports.33
FNDA:17,t2.exports
FNDA:1,n.exports.34
FNDA:0,o2
FNDA:0,r2
FNDA:0,r2.toJSON
FNDA:1,n.exports.35
FNDA:0,o2
FNDA:0,r2
FNDA:0,i2
FNDA:0,a2
FNDA:0,c2
FNDA:0,u2
FNDA:1,n.exports.36.type-detect
FNDA:0,r2
FNDA:0,get
FNDA:0,set
FNDA:2,s2
FNDA:2,a2
FNDA:10,c2
FNDA:10,u2
FNDA:1,f2
FNDA:1,p2
FNDA:0,l2
FNDA:0,h2
FNDA:1,d
FNDA:0,y
FNDA:0,b
FNDA:0,g
FNDA:0,w
FNDA:2,m
FNDA:1,v
FNDA:1,x
FNDA:10,O
FNDA:1,n.exports.37
FNDA:1,i2
FNDA:1,n.exports.38
FNDA:0,o2
FNDA:0,r2
FNDA:0,i2
FNDA:0,s2
FNDA:0,a2
FNDA:0,c2
FNDA:0,u2
FNDA:1,n.exports.39
FNDA:2,x
DA:1,1
DA:2,1
DA:3,1
DA:4,1
DA:5,1
DA:6,1
DA:7,1
DA:8,1
DA:9,1
DA:10,1
DA:11,1
DA:12,1
DA:13,1
DA:14,1
DA:15,1
DA:16,1
DA:17,1
DA:18,1
DA:19,1
DA:20,1
DA:21,1
DA:22,1
DA:23,1
DA:24,1
DA:25,1
DA:26,1
DA:27,1
DA:28,1
DA:29,1
DA:30,1
DA:31,1
DA:32,1
DA:33,1
DA:34,1
DA:35,1
DA:36,1
DA:37,1
DA:38,1
DA:39,1
DA:40,1
DA:41,1
DA:42,9
DA:43,9
DA:44,9
DA:45,9
DA:46,9
DA:47,9
DA:48,1
DA:49,1
DA:50,1
DA:51,1
DA:52,1
DA:53,1
DA:54,1
DA:55,1
DA:56,1
DA:57,1
DA:58,1
DA:59,1
DA:60,1
DA:61,1
DA:62,1
DA:63,1
DA:64,1
DA:65,1
DA:66,1
DA:67,1
DA:68,1
DA:69,1
DA:70,1
DA:71,1
DA:72,1
DA:73,1
DA:74,1
DA:75,1
DA:76,1
DA:77,1
DA:78,1
DA:79,1
DA:80,1
DA:81,1
DA:82,1
DA:83,1
DA:84,1
DA:85,1
DA:86,1
DA:87,1
DA:88,1
DA:89,1
DA:90,1
DA:91,1
DA:92,1
DA:93,1
DA:94,1
DA:95,1
DA:96,1
DA:97,1
DA:98,1
DA:99,1
DA:100,1
DA:101,1
DA:102,1
DA:103,1
DA:104,1
DA:105,1
DA:106,1
DA:107,1
DA:108,1
DA:109,1
DA:110,1
DA:111,1
DA:112,1
DA:113,1
DA:114,1
DA:115,1
DA:116,1
DA:117,1
DA:118,1
DA:119,1
DA:120,1
DA:121,1
DA:122,1
DA:123,1
DA:124,1
DA:125,1
DA:126,1
DA:127,1
DA:128,1
DA:129,1
DA:130,1
DA:131,1
DA:132,1
DA:133,1
DA:134,1
DA:135,1
DA:136,1
DA:137,1
DA:138,1
DA:139,1
DA:140,1
DA:141,1
DA:142,1
DA:143,1
DA:144,1
DA:145,1
DA:146,1
DA:147,1
DA:148,1
DA:149,1
DA:150,1
DA:151,1
DA:152,1
DA:153,1
DA:154,1
DA:155,1
DA:156,1
DA:157,1
DA:158,1
DA:159,1
DA:160,1
DA:161,24
DA:162,24
DA:163,24
DA:164,24
DA:165,24
DA:166,24
DA:167,1
DA:168,1
DA:169,1
DA:170,1
DA:171,0
DA:172,0
DA:173,1
DA:174,1
DA:175,0
DA:176,0
DA:177,1
DA:178,1
DA:179,1
DA:180,1
DA:181,1
DA:182,0
DA:183,0
DA:184,1
DA:185,1
DA:186,0
DA:187,0
DA:188,1
DA:189,1
DA:190,1
DA:191,1
DA:192,46
DA:193,1
DA:194,1
DA:195,1
DA:196,59
DA:197,1
DA:198,1
DA:199,1
DA:200,9
DA:201,1
DA:202,1
DA:203,1
DA:204,4
DA:205,1
DA:206,1
DA:207,1
DA:208,4
DA:209,1
DA:210,1
DA:211,1
DA:212,2
DA:213,1
DA:214,1
DA:215,1
DA:216,1
DA:217,1
DA:218,1
DA:219,1
DA:220,1
DA:221,1
DA:222,1
DA:223,1
DA:224,1
DA:225,1
DA:226,1
DA:227,1
DA:228,1
DA:229,1
DA:230,1
DA:231,6
DA:232,6
DA:233,6
DA:234,6
DA:235,6
DA:236,6
DA:237,0
DA:238,0
DA:239,0
DA:240,0
DA:241,0
DA:242,0
DA:243,0
DA:244,0
DA:245,0
DA:246,0
DA:247,0
DA:248,0
DA:249,0
DA:250,0
DA:251,0
DA:252,0
DA:253,0
DA:254,1
DA:255,1
DA:256,1
DA:257,1
DA:258,1
DA:259,1
DA:260,1
DA:261,1
DA:262,1
DA:263,1
DA:264,1
DA:265,1
DA:266,1
DA:267,7
DA:268,1
DA:269,1
DA:270,0
DA:271,1
DA:272,1
DA:273,1
DA:274,1
DA:275,1
DA:276,1
DA:277,1
DA:278,1
DA:279,1
DA:280,1
DA:281,1
DA:282,1
DA:283,1
DA:284,1
DA:285,1
DA:286,1
DA:287,1
DA:288,1
DA:289,1
DA:290,1
DA:291,1
DA:292,1
DA:293,1
DA:294,1
DA:295,1
DA:296,1
DA:297,1
DA:298,1
DA:299,1
DA:300,1
DA:301,1
DA:302,1
DA:303,1
DA:304,1
DA:305,1
DA:306,1
DA:307,1
DA:308,1
DA:309,1
DA:310,1
DA:311,1
DA:312,1
DA:313,1
DA:314,1
DA:315,1
DA:316,1
DA:317,1
DA:318,1
DA:319,1
DA:320,1
DA:321,1
DA:322,1
DA:323,1
DA:324,1
DA:325,1
DA:326,1
DA:327,1
DA:328,1
DA:329,1
DA:330,1
DA:331,1
DA:332,1
DA:333,1
DA:334,1
DA:335,1
DA:336,1
DA:337,1
DA:338,1
DA:339,1
DA:340,1
DA:341,1
DA:342,1
DA:343,1
DA:344,1
DA:345,1
DA:346,1
DA:347,1
DA:348,1
DA:349,1
DA:350,1
DA:351,1
DA:352,1
DA:353,1
DA:354,1
DA:355,1
DA:356,1
DA:357,1
DA:358,1
DA:359,1
DA:360,1
DA:361,1
DA:362,1
DA:363,1
DA:364,1
DA:365,1
DA:366,1
DA:367,1
DA:368,1
DA:369,1
DA:370,1
DA:371,1
DA:372,1
DA:373,1
DA:374,1
DA:375,1
DA:376,1
DA:377,1
DA:378,1
DA:379,1
DA:380,1
DA:381,1
DA:382,1
DA:383,1
DA:384,1
DA:385,1
DA:386,1
DA:387,1
DA:388,1
DA:389,1
DA:390,1
DA:391,1
DA:392,1
DA:393,1
DA:394,1
DA:395,1
DA:396,1
DA:397,1
DA:398,1
DA:399,1
DA:400,1
DA:401,1
DA:402,1
DA:403,1
DA:404,1
DA:405,1
DA:406,1
DA:407,1
DA:408,1
DA:409,1
DA:410,1
DA:411,1
DA:412,1
DA:413,1
DA:414,1
DA:415,1
DA:416,1
DA:417,1
DA:418,1
DA:419,17
DA:420,1
DA:421,1
DA:422,1
DA:423,1
DA:424,1
DA:425,1
DA:426,1
DA:427,1
DA:428,1
DA:429,1
DA:430,1
DA:431,1
DA:432,1
DA:433,1
DA:434,1
DA:435,1
DA:436,1
DA:437,1
DA:438,1
DA:439,1
DA:440,1
DA:441,1
DA:442,1
DA:443,1
DA:444,1
DA:445,1
DA:446,0
DA:447,1
DA:448,1
DA:449,1
DA:450,1
DA:451,1
DA:452,1
DA:453,1
DA:454,1
DA:455,1
DA:456,1
DA:457,1
DA:458,1
DA:459,1
DA:460,1
DA:461,1
DA:462,1
DA:463,1
DA:464,1
DA:465,1
DA:466,1
DA:467,1
DA:468,1
DA:469,1
DA:470,1
DA:471,1
DA:472,1
DA:473,1
DA:474,1
DA:475,1
DA:476,1
DA:477,1
DA:478,1
DA:479,1
DA:480,1
DA:481,1
DA:482,1
DA:483,1
DA:484,1
DA:485,1
DA:486,1
DA:487,1
DA:488,1
DA:489,1
DA:490,1
DA:491,1
DA:492,1
DA:493,1
DA:494,1
DA:495,1
DA:496,1
DA:497,1
DA:498,1
DA:499,1
DA:500,1
DA:501,1
DA:502,1
DA:503,1
DA:504,1
DA:505,1
DA:506,1
DA:507,1
DA:508,1
DA:509,1
DA:510,1
DA:511,1
DA:512,1
DA:513,0
DA:514,1
DA:515,1
DA:516,1
DA:517,1
DA:518,1
DA:519,1
DA:520,1
DA:521,1
DA:522,1
DA:523,1
DA:524,1
DA:525,1
DA:526,1
DA:527,1
DA:528,1
DA:529,1
DA:530,1
DA:531,1
DA:532,1
DA:533,1
DA:534,1
DA:535,1
DA:536,1
DA:537,1
DA:538,1
DA:539,0
DA:540,1
DA:541,1
DA:542,1
DA:543,1
DA:544,1
DA:545,1
DA:546,1
DA:547,1
DA:548,1
DA:549,1
DA:550,1
DA:551,1
DA:552,1
DA:553,1
DA:554,1
DA:555,1
DA:556,1
DA:557,1
DA:558,1
DA:559,1
DA:560,1
DA:561,1
DA:562,1
DA:563,0
DA:564,1
DA:565,1
DA:566,1
DA:567,1
DA:568,1
DA:569,1
DA:570,1
DA:571,1
DA:572,1
DA:573,1
DA:574,1
DA:575,1
DA:576,1
DA:577,1
DA:578,1
DA:579,1
DA:580,1
DA:581,1
DA:582,1
DA:583,0
DA:584,0
DA:585,1
DA:586,1
DA:587,1
DA:588,1
DA:589,1
DA:590,1
DA:591,1
DA:592,1
DA:593,1
DA:594,1
DA:595,1
DA:596,1
DA:597,1
DA:598,1
DA:599,1
DA:600,1
DA:601,1
DA:602,1
DA:603,1
DA:604,1
DA:605,1
DA:606,1
DA:607,1
DA:608,0
DA:609,0
DA:610,1
DA:611,1
DA:612,1
DA:613,1
DA:614,1
DA:615,1
DA:616,1
DA:617,1
DA:618,1
DA:619,1
DA:620,1
DA:621,1
DA:622,1
DA:623,1
DA:624,1
DA:625,1
DA:626,1
DA:627,1
DA:628,1
DA:629,1
DA:630,1
DA:631,1
DA:632,1
DA:633,1
DA:634,1
DA:635,1
DA:636,1
DA:637,1
DA:638,1
DA:639,1
DA:640,1
DA:641,1
DA:642,1
DA:643,1
DA:644,1
DA:645,1
DA:646,1
DA:647,1
DA:648,1
DA:649,1
DA:650,1
DA:651,1
DA:652,1
DA:653,1
DA:654,1
DA:655,1
DA:656,1
DA:657,1
DA:658,1
DA:659,1
DA:660,1
DA:661,1
DA:662,1
DA:663,1
DA:664,1
DA:665,1
DA:666,1
DA:667,1
DA:668,1
DA:669,1
DA:670,1
DA:671,1
DA:672,1
DA:673,0
DA:674,0
DA:675,0
DA:676,0
DA:677,0
DA:678,0
DA:679,0
DA:680,0
DA:681,0
DA:682,1
DA:683,1
DA:684,1
DA:685,1
DA:686,1
DA:687,1
DA:688,1
DA:689,1
DA:690,1
DA:691,1
DA:692,1
DA:693,1
DA:694,1
DA:695,1
DA:696,1
DA:697,1
DA:698,1
DA:699,1
DA:700,1
DA:701,1
DA:702,1
DA:703,1
DA:704,1
DA:705,1
DA:706,1
DA:707,1
DA:708,1
DA:709,1
DA:710,1
DA:711,1
DA:712,1
DA:713,1
DA:714,1
DA:715,1
DA:716,1
DA:717,1
DA:718,1
DA:719,1
DA:720,1
DA:721,1
DA:722,1
DA:723,1
DA:724,1
DA:725,1
DA:726,1
DA:727,1
DA:728,1
DA:729,1
DA:730,1
DA:731,1
DA:732,1
DA:733,1
DA:734,1
DA:735,1
DA:736,1
DA:737,1
DA:738,1
DA:739,1
DA:740,1
DA:741,1
DA:742,1
DA:743,1
DA:744,1
DA:745,1
DA:746,1
DA:747,1
DA:748,1
DA:749,1
DA:750,1
DA:751,1
DA:752,1
DA:753,1
DA:754,1
DA:755,1
DA:756,1
DA:757,1
DA:758,1
DA:759,1
DA:760,1
DA:761,1
DA:762,1
DA:763,1
DA:764,1
DA:765,1
DA:766,1
DA:767,1
DA:768,1
DA:769,1
DA:770,1
DA:771,1
DA:772,1
DA:773,1
DA:774,1
DA:775,1
DA:776,1
DA:777,1
DA:778,1
DA:779,1
DA:780,1
DA:781,1
DA:782,1
DA:783,1
DA:784,1
DA:785,1
DA:786,1
DA:787,1
DA:788,1
DA:789,1
DA:790,1
DA:791,1
DA:792,1
DA:793,1
DA:794,1
DA:795,1
DA:796,1
DA:797,1
DA:798,1
DA:799,1
DA:800,1
DA:801,1
DA:802,1
DA:803,1
DA:804,1
DA:805,1
DA:806,1
DA:807,1
DA:808,1
DA:809,1
DA:810,1
DA:811,1
DA:812,1
DA:813,1
DA:814,1
DA:815,1
DA:816,1
DA:817,1
DA:818,1
DA:819,1
DA:820,1
DA:821,1
DA:822,1
DA:823,1
DA:824,1
DA:825,1
DA:826,1
DA:827,1
DA:828,1
DA:829,1
DA:830,1
DA:831,1
DA:832,1
DA:833,1
DA:834,1
DA:835,1
DA:836,0
DA:837,1
DA:838,1
DA:839,1
DA:840,0
DA:841,1
DA:842,1
DA:843,1
DA:844,0
DA:845,0
DA:846,0
DA:847,0
DA:848,0
DA:849,0
DA:850,0
DA:851,0
DA:852,0
DA:853,0
DA:854,0
DA:855,0
DA:856,0
DA:857,0
DA:858,0
DA:859,0
DA:860,0
DA:861,0
DA:862,0
DA:863,0
DA:864,0
DA:865,0
DA:866,0
DA:867,0
DA:868,0
DA:869,0
DA:870,0
DA:871,0
DA:872,0
DA:873,0
DA:874,0
DA:875,0
DA:876,0
DA:877,0
DA:878,0
DA:879,0
DA:880,0
DA:881,0
DA:882,0
DA:883,0
DA:884,0
DA:885,0
DA:886,0
DA:887,0
DA:888,0
DA:889,0
DA:890,0
DA:891,0
DA:892,0
DA:893,0
DA:894,0
DA:895,0
DA:896,0
DA:897,0
DA:898,0
DA:899,0
DA:900,0
DA:901,0
DA:902,0
DA:903,0
DA:904,0
DA:905,0
DA:906,0
DA:907,0
DA:908,0
DA:909,0
DA:910,0
DA:911,0
DA:912,0
DA:913,0
DA:914,0
DA:915,0
DA:916,0
DA:917,0
DA:918,0
DA:919,0
DA:920,0
DA:921,0
DA:922,0
DA:923,0
DA:924,0
DA:925,0
DA:926,0
DA:927,0
DA:928,0
DA:929,0
DA:930,0
DA:931,0
DA:932,0
DA:933,0
DA:934,0
DA:935,0
DA:936,0
DA:937,0
DA:938,0
DA:939,0
DA:940,0
DA:941,0
DA:942,0
DA:943,0
DA:944,0
DA:945,0
DA:946,0
DA:947,0
DA:948,0
DA:949,0
DA:950,0
DA:951,0
DA:952,0
DA:953,0
DA:954,0
DA:955,0
DA:956,0
DA:957,0
DA:958,0
DA:959,0
DA:960,1
DA:961,1
DA:962,1
DA:963,1
DA:964,1
DA:965,1
DA:966,1
DA:967,1
DA:968,1
DA:969,1
DA:970,1
DA:971,1
DA:972,1
DA:973,1
DA:974,1
DA:975,1
DA:976,1
DA:977,1
DA:978,1
DA:979,1
DA:980,1
DA:981,1
DA:982,1
DA:983,1
DA:984,1
DA:985,1
DA:986,1
DA:987,1
DA:988,1
DA:989,1
DA:990,1
DA:991,1
DA:992,1
DA:993,1
DA:994,1
DA:995,1
DA:996,1
DA:997,1
DA:998,1
DA:999,1
DA:1000,1
DA:1001,1
DA:1002,1
DA:1003,1
DA:1004,0
DA:1005,0
DA:1006,0
DA:1007,0
DA:1008,1
DA:1009,1
DA:1010,1
DA:1011,1
DA:1012,1
DA:1013,1
DA:1014,1
DA:1015,1
DA:1016,1
DA:1017,1
DA:1018,1
DA:1019,1
DA:1020,1
DA:1021,1
DA:1022,1
DA:1023,1
DA:1024,1
DA:1025,1
DA:1026,1
DA:1027,1
DA:1028,1
DA:1029,1
DA:1030,1
DA:1031,1
DA:1032,1
DA:1033,1
DA:1034,1
DA:1035,1
DA:1036,1
DA:1037,0
DA:1038,0
DA:1039,0
DA:1040,0
DA:1041,0
DA:1042,1
DA:1043,1
DA:1044,1
DA:1045,1
DA:1046,1
DA:1047,1
DA:1048,1
DA:1049,1
DA:1050,1
DA:1051,1
DA:1052,1
DA:1053,1
DA:1054,1
DA:1055,1
DA:1056,1
DA:1057,1
DA:1058,1
DA:1059,1
DA:1060,1
DA:1061,1
DA:1062,1
DA:1063,1
DA:1064,1
DA:1065,1
DA:1066,1
DA:1067,1
DA:1068,1
DA:1069,1
DA:1070,1
DA:1071,1
DA:1072,0
DA:1073,0
DA:1074,0
DA:1075,0
DA:1076,0
DA:1077,1
DA:1078,1
DA:1079,1
DA:1080,1
DA:1081,1
DA:1082,1
DA:1083,1
DA:1084,1
DA:1085,1
DA:1086,1
DA:1087,1
DA:1088,1
DA:1089,1
DA:1090,1
DA:1091,1
DA:1092,1
DA:1093,1
DA:1094,1
DA:1095,1
DA:1096,1
DA:1097,1
DA:1098,1
DA:1099,1
DA:1100,1
DA:1101,1
DA:1102,1
DA:1103,1
DA:1104,0
DA:1105,0
DA:1106,0
DA:1107,0
DA:1108,1
DA:1109,1
DA:1110,1
DA:1111,1
DA:1112,1
DA:1113,1
DA:1114,1
DA:1115,1
DA:1116,1
DA:1117,1
DA:1118,1
DA:1119,1
DA:1120,1
DA:1121,1
DA:1122,1
DA:1123,1
DA:1124,1
DA:1125,1
DA:1126,1
DA:1127,1
DA:1128,1
DA:1129,1
DA:1130,1
DA:1131,1
DA:1132,1
DA:1133,1
DA:1134,1
DA:1135,0
DA:1136,0
DA:1137,0
DA:1138,0
DA:1139,1
DA:1140,1
DA:1141,1
DA:1142,1
DA:1143,1
DA:1144,1
DA:1145,1
DA:1146,1
DA:1147,1
DA:1148,1
DA:1149,1
DA:1150,1
DA:1151,1
DA:1152,1
DA:1153,1
DA:1154,1
DA:1155,1
DA:1156,1
DA:1157,1
DA:1158,1
DA:1159,1
DA:1160,1
DA:1161,1
DA:1162,1
DA:1163,1
DA:1164,1
DA:1165,1
DA:1166,0
DA:1167,0
DA:1168,0
DA:1169,0
DA:1170,1
DA:1171,1
DA:1172,1
DA:1173,1
DA:1174,1
DA:1175,1
DA:1176,1
DA:1177,1
DA:1178,1
DA:1179,1
DA:1180,1
DA:1181,1
DA:1182,1
DA:1183,1
DA:1184,1
DA:1185,1
DA:1186,1
DA:1187,1
DA:1188,1
DA:1189,1
DA:1190,1
DA:1191,1
DA:1192,1
DA:1193,1
DA:1194,1
DA:1195,1
DA:1196,1
DA:1197,1
DA:1198,1
DA:1199,1
DA:1200,1
DA:1201,1
DA:1202,1
DA:1203,1
DA:1204,1
DA:1205,1
DA:1206,1
DA:1207,0
DA:1208,0
DA:1209,0
DA:1210,0
DA:1211,0
DA:1212,1
DA:1213,1
DA:1214,1
DA:1215,1
DA:1216,1
DA:1217,1
DA:1218,1
DA:1219,1
DA:1220,1
DA:1221,1
DA:1222,1
DA:1223,1
DA:1224,1
DA:1225,1
DA:1226,1
DA:1227,1
DA:1228,1
DA:1229,1
DA:1230,1
DA:1231,1
DA:1232,1
DA:1233,1
DA:1234,1
DA:1235,1
DA:1236,1
DA:1237,1
DA:1238,1
DA:1239,1
DA:1240,1
DA:1241,1
DA:1242,1
DA:1243,1
DA:1244,1
DA:1245,1
DA:1246,1
DA:1247,1
DA:1248,1
DA:1249,1
DA:1250,1
DA:1251,1
DA:1252,1
DA:1253,1
DA:1254,1
DA:1255,1
DA:1256,1
DA:1257,1
DA:1258,1
DA:1259,1
DA:1260,1
DA:1261,1
DA:1262,1
DA:1263,1
DA:1264,1
DA:1265,1
DA:1266,1
DA:1267,1
DA:1268,0
DA:1269,0
DA:1270,0
DA:1271,0
DA:1272,0
DA:1273,0
DA:1274,0
DA:1275,0
DA:1276,0
DA:1277,0
DA:1278,0
DA:1279,0
DA:1280,0
DA:1281,0
DA:1282,0
DA:1283,0
DA:1284,0
DA:1285,0
DA:1286,0
DA:1287,0
DA:1288,0
DA:1289,0
DA:1290,0
DA:1291,0
DA:1292,0
DA:1293,0
DA:1294,0
DA:1295,0
DA:1296,0
DA:1297,0
DA:1298,0
DA:1299,0
DA:1300,0
DA:1301,0
DA:1302,0
DA:1303,0
DA:1304,0
DA:1305,0
DA:1306,0
DA:1307,0
DA:1308,0
DA:1309,1
DA:1310,1
DA:1311,1
DA:1312,1
DA:1313,1
DA:1314,1
DA:1315,1
DA:1316,1
DA:1317,1
DA:1318,1
DA:1319,1
DA:1320,1
DA:1321,1
DA:1322,1
DA:1323,1
DA:1324,1
DA:1325,1
DA:1326,1
DA:1327,1
DA:1328,1
DA:1329,1
DA:1330,1
DA:1331,1
DA:1332,1
DA:1333,1
DA:1334,1
DA:1335,1
DA:1336,1
DA:1337,1
DA:1338,1
DA:1339,1
DA:1340,1
DA:1341,1
DA:1342,1
DA:1343,0
DA:1344,0
DA:1345,0
DA:1346,0
DA:1347,0
DA:1348,0
DA:1349,1
DA:1350,1
DA:1351,1
DA:1352,1
DA:1353,1
DA:1354,1
DA:1355,1
DA:1356,1
DA:1357,1
DA:1358,1
DA:1359,1
DA:1360,1
DA:1361,1
DA:1362,1
DA:1363,1
DA:1364,1
DA:1365,1
DA:1366,1
DA:1367,1
DA:1368,1
DA:1369,1
DA:1370,1
DA:1371,1
DA:1372,1
DA:1373,1
DA:1374,1
DA:1375,1
DA:1376,1
DA:1377,1
DA:1378,1
DA:1379,1
DA:1380,1
DA:1381,1
DA:1382,1
DA:1383,1
DA:1384,1
DA:1385,1
DA:1386,1
DA:1387,1
DA:1388,1
DA:1389,1
DA:1390,1
DA:1391,1
DA:1392,1
DA:1393,1
DA:1394,1
DA:1395,1
DA:1396,1
DA:1397,1
DA:1398,1
DA:1399,1
DA:1400,1
DA:1401,4
DA:1402,4
DA:1403,4
DA:1404,1
DA:1405,1
DA:1406,1
DA:1407,1
DA:1408,3
DA:1409,3
DA:1410,3
DA:1411,3
DA:1412,3
DA:1413,3
DA:1414,3
DA:1415,3
DA:1416,1
DA:1417,1
DA:1418,1
DA:1419,1
DA:1420,1
DA:1421,1
DA:1422,1
DA:1423,1
DA:1424,1
DA:1425,1
DA:1426,1
DA:1427,1
DA:1428,1
DA:1429,1
DA:1430,1
DA:1431,1
DA:1432,1
DA:1433,1
DA:1434,1
DA:1435,1
DA:1436,1
DA:1437,1
DA:1438,1
DA:1439,1
DA:1440,1
DA:1441,1
DA:1442,1
DA:1443,1
DA:1444,1
DA:1445,1
DA:1446,1
DA:1447,1
DA:1448,1
DA:1449,1
DA:1450,1
DA:1451,1
DA:1452,1
DA:1453,1
DA:1454,1
DA:1455,1
DA:1456,1
DA:1457,1
DA:1458,1
DA:1459,1
DA:1460,1
DA:1461,1
DA:1462,1
DA:1463,1
DA:1464,1
DA:1465,1
DA:1466,2
DA:1467,2
DA:1468,2
DA:1469,2
DA:1470,2
DA:1471,2
DA:1472,2
DA:1473,2
DA:1474,1
DA:1475,1
DA:1476,1
DA:1477,1
DA:1478,1
DA:1479,1
DA:1480,1
DA:1481,1
DA:1482,1
DA:1483,1
DA:1484,1
DA:1485,1
DA:1486,1
DA:1487,1
DA:1488,1
DA:1489,1
DA:1490,1
DA:1491,1
DA:1492,1
DA:1493,1
DA:1494,1
DA:1495,1
DA:1496,1
DA:1497,1
DA:1498,1
DA:1499,1
DA:1500,1
DA:1501,1
DA:1502,1
DA:1503,1
DA:1504,1
DA:1505,1
DA:1506,1
DA:1507,1
DA:1508,1
DA:1509,1
DA:1510,1
DA:1511,1
DA:1512,1
DA:1513,1
DA:1514,1
DA:1515,1
DA:1516,1
DA:1517,1
DA:1518,1
DA:1519,1
DA:1520,1
DA:1521,1
DA:1522,1
DA:1523,1
DA:1524,0
DA:1525,0
DA:1526,0
DA:1527,0
DA:1528,0
DA:1529,0
DA:1530,0
DA:1531,0
DA:1532,0
DA:1533,0
DA:1534,0
DA:1535,0
DA:1536,0
DA:1537,0
DA:1538,0
DA:1539,0
DA:1540,0
DA:1541,0
DA:1542,0
DA:1543,0
DA:1544,0
DA:1545,0
DA:1546,0
DA:1547,0
DA:1548,0
DA:1549,0
DA:1550,0
DA:1551,0
DA:1552,0
DA:1553,0
DA:1554,0
DA:1555,0
DA:1556,0
DA:1557,0
DA:1558,0
DA:1559,0
DA:1560,0
DA:1561,0
DA:1562,0
DA:1563,0
DA:1564,0
DA:1565,0
DA:1566,0
DA:1567,0
DA:1568,0
DA:1569,0
DA:1570,0
DA:1571,0
DA:1572,0
DA:1573,0
DA:1574,0
DA:1575,0
DA:1576,1
DA:1577,1
DA:1578,1
DA:1579,1
DA:1580,1
DA:1581,1
DA:1582,1
DA:1583,1
DA:1584,1
DA:1585,1
DA:1586,1
DA:1587,1
DA:1588,1
DA:1589,1
DA:1590,1
DA:1591,1
DA:1592,1
DA:1593,1
DA:1594,1
DA:1595,1
DA:1596,1
DA:1597,1
DA:1598,1
DA:1599,1
DA:1600,1
DA:1601,1
DA:1602,1
DA:1603,1
DA:1604,1
DA:1605,1
DA:1606,1
DA:1607,1
DA:1608,1
DA:1609,1
DA:1610,1
DA:1611,1
DA:1612,1
DA:1613,1
DA:1614,1
DA:1615,1
DA:1616,1
DA:1617,1
DA:1618,1
DA:1619,1
DA:1620,1
DA:1621,1
DA:1622,1
DA:1623,1
DA:1624,1
DA:1625,1
DA:1626,1
DA:1627,1
DA:1628,1
DA:1629,0
DA:1630,0
DA:1631,0
DA:1632,0
DA:1633,0
DA:1634,0
DA:1635,0
DA:1636,0
DA:1637,0
DA:1638,0
DA:1639,0
DA:1640,0
DA:1641,0
DA:1642,0
DA:1643,0
DA:1644,0
DA:1645,0
DA:1646,0
DA:1647,0
DA:1648,0
DA:1649,0
DA:1650,0
DA:1651,0
DA:1652,0
DA:1653,0
DA:1654,0
DA:1655,0
DA:1656,0
DA:1657,0
DA:1658,0
DA:1659,0
DA:1660,0
DA:1661,0
DA:1662,0
DA:1663,0
DA:1664,0
DA:1665,0
DA:1666,0
DA:1667,0
DA:1668,0
DA:1669,0
DA:1670,0
DA:1671,0
DA:1672,0
DA:1673,0
DA:1674,0
DA:1675,0
DA:1676,0
DA:1677,0
DA:1678,0
DA:1679,0
DA:1680,0
DA:1681,1
DA:1682,1
DA:1683,1
DA:1684,1
DA:1685,1
DA:1686,1
DA:1687,1
DA:1688,1
DA:1689,1
DA:1690,1
DA:1691,1
DA:1692,1
DA:1693,1
DA:1694,1
DA:1695,1
DA:1696,1
DA:1697,1
DA:1698,1
DA:1699,1
DA:1700,1
DA:1701,1
DA:1702,1
DA:1703,1
DA:1704,1
DA:1705,1
DA:1706,1
DA:1707,1
DA:1708,1
DA:1709,1
DA:1710,1
DA:1711,1
DA:1712,1
DA:1713,1
DA:1714,1
DA:1715,1
DA:1716,1
DA:1717,1
DA:1718,1
DA:1719,1
DA:1720,1
DA:1721,1
DA:1722,1
DA:1723,1
DA:1724,1
DA:1725,1
DA:1726,1
DA:1727,1
DA:1728,1
DA:1729,1
DA:1730,1
DA:1731,1
DA:1732,1
DA:1733,0
DA:1734,0
DA:1735,0
DA:1736,0
DA:1737,0
DA:1738,0
DA:1739,0
DA:1740,0
DA:1741,0
DA:1742,0
DA:1743,0
DA:1744,0
DA:1745,0
DA:1746,0
DA:1747,0
DA:1748,0
DA:1749,0
DA:1750,0
DA:1751,0
DA:1752,0
DA:1753,0
DA:1754,0
DA:1755,0
DA:1756,0
DA:1757,0
DA:1758,0
DA:1759,0
DA:1760,0
DA:1761,0
DA:1762,0
DA:1763,0
DA:1764,0
DA:1765,0
DA:1766,0
DA:1767,0
DA:1768,0
DA:1769,0
DA:1770,0
DA:1771,0
DA:1772,0
DA:1773,0
DA:1774,0
DA:1775,0
DA:1776,0
DA:1777,0
DA:1778,0
DA:1779,0
DA:1780,0
DA:1781,0
DA:1782,0
DA:1783,0
DA:1784,0
DA:1785,1
DA:1786,1
DA:1787,1
DA:1788,1
DA:1789,1
DA:1790,1
DA:1791,1
DA:1792,1
DA:1793,1
DA:1794,1
DA:1795,1
DA:1796,1
DA:1797,1
DA:1798,1
DA:1799,1
DA:1800,1
DA:1801,1
DA:1802,1
DA:1803,1
DA:1804,1
DA:1805,1
DA:1806,1
DA:1807,1
DA:1808,1
DA:1809,1
DA:1810,1
DA:1811,1
DA:1812,1
DA:1813,1
DA:1814,1
DA:1815,1
DA:1816,1
DA:1817,1
DA:1818,1
DA:1819,1
DA:1820,1
DA:1821,1
DA:1822,1
DA:1823,1
DA:1824,1
DA:1825,1
DA:1826,1
DA:1827,1
DA:1828,1
DA:1829,1
DA:1830,1
DA:1831,1
DA:1832,1
DA:1833,1
DA:1834,1
DA:1835,1
DA:1836,1
DA:1837,1
DA:1838,0
DA:1839,0
DA:1840,0
DA:1841,0
DA:1842,0
DA:1843,0
DA:1844,0
DA:1845,0
DA:1846,0
DA:1847,0
DA:1848,0
DA:1849,0
DA:1850,0
DA:1851,0
DA:1852,0
DA:1853,0
DA:1854,0
DA:1855,0
DA:1856,0
DA:1857,0
DA:1858,0
DA:1859,0
DA:1860,0
DA:1861,0
DA:1862,0
DA:1863,0
DA:1864,0
DA:1865,0
DA:1866,0
DA:1867,0
DA:1868,0
DA:1869,0
DA:1870,0
DA:1871,0
DA:1872,0
DA:1873,0
DA:1874,0
DA:1875,0
DA:1876,0
DA:1877,0
DA:1878,0
DA:1879,0
DA:1880,0
DA:1881,0
DA:1882,0
DA:1883,0
DA:1884,0
DA:1885,0
DA:1886,0
DA:1887,0
DA:1888,0
DA:1889,0
DA:1890,1
DA:1891,1
DA:1892,1
DA:1893,1
DA:1894,1
DA:1895,1
DA:1896,1
DA:1897,1
DA:1898,1
DA:1899,1
DA:1900,1
DA:1901,1
DA:1902,1
DA:1903,1
DA:1904,1
DA:1905,1
DA:1906,1
DA:1907,1
DA:1908,1
DA:1909,1
DA:1910,1
DA:1911,1
DA:1912,1
DA:1913,1
DA:1914,1
DA:1915,1
DA:1916,1
DA:1917,1
DA:1918,1
DA:1919,1
DA:1920,1
DA:1921,1
DA:1922,1
DA:1923,1
DA:1924,1
DA:1925,1
DA:1926,1
DA:1927,1
DA:1928,1
DA:1929,1
DA:1930,1
DA:1931,1
DA:1932,1
DA:1933,1
DA:1934,1
DA:1935,1
DA:1936,1
DA:1937,1
DA:1938,1
DA:1939,1
DA:1940,1
DA:1941,1
DA:1942,0
DA:1943,0
DA:1944,0
DA:1945,0
DA:1946,0
DA:1947,0
DA:1948,0
DA:1949,0
DA:1950,0
DA:1951,0
DA:1952,0
DA:1953,0
DA:1954,0
DA:1955,0
DA:1956,0
DA:1957,0
DA:1958,0
DA:1959,0
DA:1960,0
DA:1961,0
DA:1962,0
DA:1963,0
DA:1964,0
DA:1965,0
DA:1966,0
DA:1967,0
DA:1968,0
DA:1969,0
DA:1970,0
DA:1971,0
DA:1972,0
DA:1973,0
DA:1974,0
DA:1975,0
DA:1976,0
DA:1977,0
DA:1978,0
DA:1979,0
DA:1980,0
DA:1981,0
DA:1982,0
DA:1983,0
DA:1984,0
DA:1985,0
DA:1986,0
DA:1987,0
DA:1988,0
DA:1989,0
DA:1990,0
DA:1991,0
DA:1992,0
DA:1993,0
DA:1994,0
DA:1995,1
DA:1996,1
DA:1997,1
DA:1998,1
DA:1999,1
DA:2000,1
DA:2001,1
DA:2002,1
DA:2003,1
DA:2004,1
DA:2005,1
DA:2006,1
DA:2007,1
DA:2008,1
DA:2009,1
DA:2010,1
DA:2011,1
DA:2012,1
DA:2013,1
DA:2014,1
DA:2015,1
DA:2016,1
DA:2017,1
DA:2018,1
DA:2019,1
DA:2020,1
DA:2021,1
DA:2022,1
DA:2023,1
DA:2024,1
DA:2025,1
DA:2026,1
DA:2027,1
DA:2028,1
DA:2029,1
DA:2030,1
DA:2031,1
DA:2032,1
DA:2033,1
DA:2034,1
DA:2035,1
DA:2036,1
DA:2037,1
DA:2038,1
DA:2039,1
DA:2040,1
DA:2041,1
DA:2042,1
DA:2043,1
DA:2044,1
DA:2045,1
DA:2046,1
DA:2047,0
DA:2048,0
DA:2049,0
DA:2050,0
DA:2051,0
DA:2052,0
DA:2053,0
DA:2054,0
DA:2055,0
DA:2056,0
DA:2057,0
DA:2058,1
DA:2059,1
DA:2060,1
DA:2061,1
DA:2062,0
DA:2063,1
DA:2064,1
DA:2065,1
DA:2066,1
DA:2067,1
DA:2068,1
DA:2069,1
DA:2070,1
DA:2071,1
DA:2072,1
DA:2073,1
DA:2074,1
DA:2075,1
DA:2076,1
DA:2077,1
DA:2078,1
DA:2079,1
DA:2080,1
DA:2081,1
DA:2082,1
DA:2083,1
DA:2084,1
DA:2085,1
DA:2086,1
DA:2087,1
DA:2088,1
DA:2089,1
DA:2090,1
DA:2091,1
DA:2092,1
DA:2093,1
DA:2094,1
DA:2095,1
DA:2096,1
DA:2097,1
DA:2098,1
DA:2099,1
DA:2100,1
DA:2101,1
DA:2102,1
DA:2103,1
DA:2104,1
DA:2105,1
DA:2106,1
DA:2107,1
DA:2108,1
DA:2109,1
DA:2110,1
DA:2111,1
DA:2112,1
DA:2113,1
DA:2114,1
DA:2115,1
DA:2116,1
DA:2117,1
DA:2118,1
DA:2119,1
DA:2120,1
DA:2121,1
DA:2122,1
DA:2123,1
DA:2124,1
DA:2125,1
DA:2126,1
DA:2127,1
DA:2128,1
DA:2129,1
DA:2130,1
DA:2131,1
DA:2132,1
DA:2133,1
DA:2134,1
DA:2135,1
DA:2136,1
DA:2137,1
DA:2138,1
DA:2139,1
DA:2140,1
DA:2141,1
DA:2142,1
DA:2143,1
DA:2144,1
DA:2145,1
DA:2146,1
DA:2147,1
DA:2148,1
DA:2149,1
DA:2150,1
DA:2151,1
DA:2152,1
DA:2153,1
DA:2154,1
DA:2155,1
DA:2156,1
DA:2157,1
DA:2158,1
DA:2159,1
DA:2160,1
DA:2161,1
DA:2162,1
DA:2163,1
DA:2164,1
DA:2165,1
DA:2166,1
DA:2167,1
DA:2168,1
DA:2169,1
DA:2170,1
DA:2171,1
DA:2172,1
DA:2173,1
DA:2174,1
DA:2175,1
DA:2176,1
DA:2177,1
DA:2178,1
DA:2179,1
DA:2180,1
DA:2181,1
DA:2182,1
DA:2183,1
DA:2184,1
DA:2185,1
DA:2186,1
DA:2187,1
DA:2188,0
DA:2189,0
DA:2190,0
DA:2191,0
DA:2192,0
DA:2193,0
DA:2194,0
DA:2195,0
DA:2196,0
DA:2197,0
DA:2198,0
DA:2199,0
DA:2200,0
DA:2201,0
DA:2202,0
DA:2203,0
DA:2204,0
DA:2205,0
DA:2206,0
DA:2207,0
DA:2208,0
DA:2209,0
DA:2210,0
DA:2211,0
DA:2212,0
DA:2213,0
DA:2214,0
DA:2215,0
DA:2216,0
DA:2217,0
DA:2218,0
DA:2219,0
DA:2220,0
DA:2221,0
DA:2222,0
DA:2223,0
DA:2224,0
DA:2225,0
DA:2226,0
DA:2227,0
DA:2228,0
DA:2229,0
DA:2230,0
DA:2231,0
DA:2232,0
DA:2233,0
DA:2234,0
DA:2235,0
DA:2236,0
DA:2237,0
DA:2238,0
DA:2239,0
DA:2240,0
DA:2241,0
DA:2242,0
DA:2243,0
DA:2244,0
DA:2245,0
DA:2246,0
DA:2247,0
DA:2248,0
DA:2249,0
DA:2250,0
DA:2251,0
DA:2252,0
DA:2253,0
DA:2254,0
DA:2255,0
DA:2256,0
DA:2257,0
DA:2258,0
DA:2259,0
DA:2260,0
DA:2261,0
DA:2262,0
DA:2263,0
DA:2264,0
DA:2265,0
DA:2266,0
DA:2267,0
DA:2268,0
DA:2269,0
DA:2270,0
DA:2271,0
DA:2272,1
DA:2273,1
DA:2274,1
DA:2275,1
DA:2276,1
DA:2277,0
DA:2278,0
DA:2279,1
DA:2280,1
DA:2281,1
DA:2282,1
DA:2283,1
DA:2284,1
DA:2285,1
DA:2286,1
DA:2287,1
DA:2288,1
DA:2289,1
DA:2290,1
DA:2291,1
DA:2292,1
DA:2293,1
DA:2294,1
DA:2295,1
DA:2296,1
DA:2297,1
DA:2298,1
DA:2299,1
DA:2300,1
DA:2301,1
DA:2302,1
DA:2303,1
DA:2304,1
DA:2305,1
DA:2306,1
DA:2307,1
DA:2308,1
DA:2309,1
DA:2310,1
DA:2311,1
DA:2312,1
DA:2313,1
DA:2314,1
DA:2315,1
DA:2316,1
DA:2317,1
DA:2318,1
DA:2319,1
DA:2320,1
DA:2321,1
DA:2322,1
DA:2323,1
DA:2324,1
DA:2325,1
DA:2326,1
DA:2327,1
DA:2328,1
DA:2329,1
DA:2330,1
DA:2331,1
DA:2332,1
DA:2333,1
DA:2334,1
DA:2335,1
DA:2336,1
DA:2337,1
DA:2338,1
DA:2339,1
DA:2340,1
DA:2341,1
DA:2342,1
DA:2343,1
DA:2344,1
DA:2345,1
DA:2346,1
DA:2347,1
DA:2348,1
DA:2349,1
DA:2350,1
DA:2351,1
DA:2352,1
DA:2353,1
DA:2354,1
DA:2355,1
DA:2356,1
DA:2357,1
DA:2358,1
DA:2359,1
DA:2360,1
DA:2361,1
DA:2362,1
DA:2363,1
DA:2364,1
DA:2365,1
DA:2366,1
DA:2367,1
DA:2368,1
DA:2369,1
DA:2370,1
DA:2371,1
DA:2372,1
DA:2373,1
DA:2374,1
DA:2375,1
DA:2376,1
DA:2377,1
DA:2378,1
DA:2379,1
DA:2380,1
DA:2381,1
DA:2382,1
DA:2383,1
DA:2384,1
DA:2385,1
DA:2386,1
DA:2387,1
DA:2388,1
DA:2389,1
DA:2390,1
DA:2391,1
DA:2392,1
DA:2393,1
DA:2394,1
DA:2395,1
DA:2396,1
DA:2397,1
DA:2398,1
DA:2399,1
DA:2400,1
DA:2401,1
DA:2402,1
DA:2403,1
DA:2404,0
DA:2405,0
DA:2406,0
DA:2407,0
DA:2408,0
DA:2409,0
DA:2410,0
DA:2411,0
DA:2412,0
DA:2413,0
DA:2414,0
DA:2415,0
DA:2416,0
DA:2417,0
DA:2418,0
DA:2419,0
DA:2420,0
DA:2421,0
DA:2422,0
DA:2423,0
DA:2424,0
DA:2425,0
DA:2426,0
DA:2427,0
DA:2428,1
DA:2429,1
DA:2430,1
DA:2431,1
DA:2432,1
DA:2433,1
DA:2434,1
DA:2435,1
DA:2436,1
DA:2437,1
DA:2438,1
DA:2439,1
DA:2440,1
DA:2441,1
DA:2442,1
DA:2443,1
DA:2444,1
DA:2445,1
DA:2446,1
DA:2447,1
DA:2448,1
DA:2449,1
DA:2450,1
DA:2451,1
DA:2452,1
DA:2453,1
DA:2454,1
DA:2455,1
DA:2456,1
DA:2457,1
DA:2458,1
DA:2459,1
DA:2460,1
DA:2461,1
DA:2462,1
DA:2463,1
DA:2464,1
DA:2465,1
DA:2466,1
DA:2467,1
DA:2468,1
DA:2469,1
DA:2470,1
DA:2471,1
DA:2472,1
DA:2473,1
DA:2474,1
DA:2475,1
DA:2476,1
DA:2477,1
DA:2478,1
DA:2479,1
DA:2480,1
DA:2481,1
DA:2482,1
DA:2483,1
DA:2484,1
DA:2485,1
DA:2486,1
DA:2487,1
DA:2488,1
DA:2489,1
DA:2490,1
DA:2491,1
DA:2492,0
DA:2493,1
DA:2494,1
DA:2495,1
DA:2496,0
DA:2497,0
DA:2498,0
DA:2499,0
DA:2500,0
DA:2501,0
DA:2502,0
DA:2503,0
DA:2504,0
DA:2505,0
DA:2506,0
DA:2507,0
DA:2508,0
DA:2509,0
DA:2510,0
DA:2511,0
DA:2512,0
DA:2513,0
DA:2514,0
DA:2515,0
DA:2516,0
DA:2517,0
DA:2518,0
DA:2519,0
DA:2520,0
DA:2521,1
DA:2522,1
DA:2523,1
DA:2524,1
DA:2525,1
DA:2526,1
DA:2527,1
DA:2528,1
DA:2529,1
DA:2530,1
DA:2531,1
DA:2532,1
DA:2533,1
DA:2534,1
DA:2535,1
DA:2536,1
DA:2537,1
DA:2538,1
DA:2539,1
DA:2540,1
DA:2541,1
DA:2542,1
DA:2543,1
DA:2544,1
DA:2545,1
DA:2546,1
DA:2547,1
DA:2548,1
DA:2549,1
DA:2550,1
DA:2551,1
DA:2552,1
DA:2553,1
DA:2554,1
DA:2555,0
DA:2556,0
DA:2557,0
DA:2558,0
DA:2559,0
DA:2560,0
DA:2561,1
DA:2562,1
DA:2563,1
DA:2564,1
DA:2565,1
DA:2566,1
DA:2567,1
DA:2568,1
DA:2569,1
DA:2570,1
DA:2571,1
DA:2572,1
DA:2573,1
DA:2574,1
DA:2575,1
DA:2576,1
DA:2577,1
DA:2578,1
DA:2579,1
DA:2580,1
DA:2581,1
DA:2582,1
DA:2583,1
DA:2584,1
DA:2585,1
DA:2586,1
DA:2587,1
DA:2588,1
DA:2589,1
DA:2590,1
DA:2591,1
DA:2592,1
DA:2593,0
DA:2594,0
DA:2595,0
DA:2596,0
DA:2597,0
DA:2598,0
DA:2599,0
DA:2600,0
DA:2601,0
DA:2602,0
DA:2603,1
DA:2604,1
DA:2605,1
DA:2606,1
DA:2607,1
DA:2608,1
DA:2609,1
DA:2610,1
DA:2611,1
DA:2612,1
DA:2613,1
DA:2614,1
DA:2615,1
DA:2616,1
DA:2617,1
DA:2618,1
DA:2619,1
DA:2620,1
DA:2621,1
DA:2622,1
DA:2623,1
DA:2624,1
DA:2625,1
DA:2626,1
DA:2627,1
DA:2628,1
DA:2629,1
DA:2630,1
DA:2631,1
DA:2632,1
DA:2633,1
DA:2634,1
DA:2635,1
DA:2636,1
DA:2637,1
DA:2638,1
DA:2639,1
DA:2640,1
DA:2641,1
DA:2642,1
DA:2643,1
DA:2644,1
DA:2645,1
DA:2646,1
DA:2647,1
DA:2648,1
DA:2649,1
DA:2650,1
DA:2651,1
DA:2652,1
DA:2653,1
DA:2654,1
DA:2655,1
DA:2656,1
DA:2657,1
DA:2658,1
DA:2659,1
DA:2660,1
DA:2661,1
DA:2662,1
DA:2663,1
DA:2664,1
DA:2665,1
DA:2666,1
DA:2667,1
DA:2668,1
DA:2669,1
DA:2670,1
DA:2671,1
DA:2672,1
DA:2673,1
DA:2674,1
DA:2675,1
DA:2676,1
DA:2677,1
DA:2678,1
DA:2679,1
DA:2680,1
DA:2681,1
DA:2682,1
DA:2683,1
DA:2684,1
DA:2685,1
DA:2686,1
DA:2687,1
DA:2688,1
DA:2689,1
DA:2690,1
DA:2691,1
DA:2692,1
DA:2693,1
DA:2694,1
DA:2695,1
DA:2696,1
DA:2697,1
DA:2698,1
DA:2699,1
DA:2700,1
DA:2701,1
DA:2702,1
DA:2703,1
DA:2704,1
DA:2705,1
DA:2706,1
DA:2707,1
DA:2708,1
DA:2709,1
DA:2710,1
DA:2711,0
DA:2712,0
DA:2713,0
DA:2714,0
DA:2715,0
DA:2716,0
DA:2717,0
DA:2718,0
DA:2719,0
DA:2720,0
DA:2721,0
DA:2722,0
DA:2723,0
DA:2724,0
DA:2725,0
DA:2726,0
DA:2727,0
DA:2728,0
DA:2729,0
DA:2730,0
DA:2731,0
DA:2732,0
DA:2733,0
DA:2734,0
DA:2735,0
DA:2736,0
DA:2737,0
DA:2738,0
DA:2739,0
DA:2740,0
DA:2741,0
DA:2742,0
DA:2743,0
DA:2744,0
DA:2745,0
DA:2746,0
DA:2747,0
DA:2748,0
DA:2749,0
DA:2750,0
DA:2751,0
DA:2752,0
DA:2753,0
DA:2754,0
DA:2755,0
DA:2756,0
DA:2757,0
DA:2758,0
DA:2759,0
DA:2760,0
DA:2761,0
DA:2762,0
DA:2763,0
DA:2764,0
DA:2765,0
DA:2766,0
DA:2767,0
DA:2768,0
DA:2769,0
DA:2770,0
DA:2771,0
DA:2772,0
DA:2773,0
DA:2774,0
DA:2775,0
DA:2776,0
DA:2777,0
DA:2778,0
DA:2779,0
DA:2780,0
DA:2781,0
DA:2782,0
DA:2783,0
DA:2784,0
DA:2785,0
DA:2786,0
DA:2787,0
DA:2788,0
DA:2789,0
DA:2790,0
DA:2791,0
DA:2792,0
DA:2793,0
DA:2794,0
DA:2795,0
DA:2796,0
DA:2797,0
DA:2798,0
DA:2799,0
DA:2800,0
DA:2801,0
DA:2802,0
DA:2803,0
DA:2804,0
DA:2805,0
DA:2806,0
DA:2807,0
DA:2808,0
DA:2809,0
DA:2810,0
DA:2811,0
DA:2812,0
DA:2813,0
DA:2814,0
DA:2815,0
DA:2816,0
DA:2817,0
DA:2818,0
DA:2819,0
DA:2820,0
DA:2821,0
DA:2822,0
DA:2823,0
DA:2824,0
DA:2825,0
DA:2826,0
DA:2827,0
DA:2828,0
DA:2829,0
DA:2830,0
DA:2831,0
DA:2832,0
DA:2833,1
DA:2834,1
DA:2835,1
DA:2836,1
DA:2837,1
DA:2838,1
DA:2839,1
DA:2840,1
DA:2841,1
DA:2842,1
DA:2843,1
DA:2844,1
DA:2845,1
DA:2846,1
DA:2847,1
DA:2848,1
DA:2849,1
DA:2850,1
DA:2851,1
DA:2852,1
DA:2853,1
DA:2854,1
DA:2855,1
DA:2856,1
DA:2857,1
DA:2858,1
DA:2859,1
DA:2860,1
DA:2861,1
DA:2862,1
DA:2863,1
DA:2864,1
DA:2865,1
DA:2866,1
DA:2867,1
DA:2868,1
DA:2869,1
DA:2870,1
DA:2871,1
DA:2872,1
DA:2873,1
DA:2874,1
DA:2875,1
DA:2876,1
DA:2877,1
DA:2878,1
DA:2879,1
DA:2880,1
DA:2881,1
DA:2882,1
DA:2883,1
DA:2884,1
DA:2885,1
DA:2886,1
DA:2887,1
DA:2888,1
DA:2889,1
DA:2890,1
DA:2891,1
DA:2892,1
DA:2893,1
DA:2894,1
DA:2895,1
DA:2896,1
DA:2897,1
DA:2898,1
DA:2899,1
DA:2900,1
DA:2901,1
DA:2902,1
DA:2903,1
DA:2904,1
DA:2905,1
DA:2906,1
DA:2907,1
DA:2908,1
DA:2909,1
DA:2910,1
DA:2911,1
DA:2912,1
DA:2913,1
DA:2914,1
DA:2915,1
DA:2916,1
DA:2917,1
DA:2918,1
DA:2919,1
DA:2920,1
DA:2921,1
DA:2922,1
DA:2923,1
DA:2924,1
DA:2925,1
DA:2926,1
DA:2927,1
DA:2928,1
DA:2929,1
DA:2930,1
DA:2931,1
DA:2932,1
DA:2933,1
DA:2934,1
DA:2935,1
DA:2936,1
DA:2937,1
DA:2938,1
DA:2939,1
DA:2940,1
DA:2941,1
DA:2942,1
DA:2943,1
DA:2944,1
DA:2945,1
DA:2946,1
DA:2947,1
DA:2948,1
DA:2949,1
DA:2950,1
DA:2951,1
DA:2952,1
DA:2953,1
DA:2954,1
DA:2955,1
DA:2956,1
DA:2957,1
DA:2958,1
DA:2959,1
DA:2960,1
DA:2961,1
DA:2962,1
DA:2963,1
DA:2964,1
DA:2965,1
DA:2966,1
DA:2967,1
DA:2968,1
DA:2969,1
DA:2970,1
DA:2971,1
DA:2972,1
DA:2973,1
DA:2974,1
DA:2975,1
DA:2976,1
DA:2977,1
DA:2978,1
DA:2979,1
DA:2980,1
DA:2981,1
DA:2982,1
DA:2983,1
DA:2984,1
DA:2985,1
DA:2986,1
DA:2987,1
DA:2988,1
DA:2989,1
DA:2990,1
DA:2991,1
DA:2992,1
DA:2993,1
DA:2994,1
DA:2995,1
DA:2996,1
DA:2997,1
DA:2998,1
DA:2999,1
DA:3000,1
DA:3001,1
DA:3002,1
DA:3003,1
DA:3004,1
DA:3005,0
DA:3006,0
DA:3007,0
DA:3008,0
DA:3009,0
DA:3010,0
DA:3011,0
DA:3012,0
DA:3013,0
DA:3014,0
DA:3015,0
DA:3016,0
DA:3017,0
DA:3018,0
DA:3019,0
DA:3020,0
DA:3021,0
DA:3022,0
DA:3023,0
DA:3024,0
DA:3025,0
DA:3026,0
DA:3027,0
DA:3028,0
DA:3029,0
DA:3030,0
DA:3031,0
DA:3032,0
DA:3033,0
DA:3034,0
DA:3035,0
DA:3036,0
DA:3037,0
DA:3038,0
DA:3039,0
DA:3040,0
DA:3041,0
DA:3042,0
DA:3043,0
DA:3044,0
DA:3045,0
DA:3046,0
DA:3047,0
DA:3048,0
DA:3049,0
DA:3050,0
DA:3051,0
DA:3052,0
DA:3053,0
DA:3054,0
DA:3055,0
DA:3056,0
DA:3057,0
DA:3058,0
DA:3059,0
DA:3060,0
DA:3061,0
DA:3062,0
DA:3063,0
DA:3064,0
DA:3065,0
DA:3066,0
DA:3067,0
DA:3068,0
DA:3069,0
DA:3070,0
DA:3071,0
DA:3072,0
DA:3073,0
DA:3074,0
DA:3075,0
DA:3076,0
DA:3077,0
DA:3078,0
DA:3079,0
DA:3080,0
DA:3081,0
DA:3082,0
DA:3083,0
DA:3084,0
DA:3085,0
DA:3086,0
DA:3087,0
DA:3088,0
DA:3089,0
DA:3090,0
DA:3091,0
DA:3092,0
DA:3093,0
DA:3094,0
DA:3095,0
DA:3096,0
DA:3097,0
DA:3098,0
DA:3099,0
DA:3100,0
DA:3101,0
DA:3102,0
DA:3103,0
DA:3104,0
DA:3105,0
DA:3106,0
DA:3107,0
DA:3108,0
DA:3109,0
DA:3110,0
DA:3111,0
DA:3112,0
DA:3113,0
DA:3114,0
DA:3115,0
DA:3116,0
DA:3117,0
DA:3118,0
DA:3119,0
DA:3120,0
DA:3121,0
DA:3122,0
DA:3123,0
DA:3124,0
DA:3125,0
DA:3126,0
DA:3127,0
DA:3128,1
DA:3129,1
DA:3130,1
DA:3131,1
DA:3132,1
DA:3133,1
DA:3134,1
DA:3135,1
DA:3136,1
DA:3137,1
DA:3138,1
DA:3139,1
DA:3140,1
DA:3141,1
DA:3142,1
DA:3143,1
DA:3144,1
DA:3145,1
DA:3146,1
DA:3147,1
DA:3148,1
DA:3149,1
DA:3150,1
DA:3151,1
DA:3152,1
DA:3153,1
DA:3154,1
DA:3155,1
DA:3156,1
DA:3157,1
DA:3158,1
DA:3159,1
DA:3160,1
DA:3161,1
DA:3162,1
DA:3163,1
DA:3164,1
DA:3165,1
DA:3166,1
DA:3167,1
DA:3168,1
DA:3169,1
DA:3170,1
DA:3171,1
DA:3172,1
DA:3173,1
DA:3174,1
DA:3175,1
DA:3176,1
DA:3177,1
DA:3178,1
DA:3179,1
DA:3180,1
DA:3181,1
DA:3182,1
DA:3183,1
DA:3184,1
DA:3185,1
DA:3186,1
DA:3187,1
DA:3188,1
DA:3189,1
DA:3190,1
DA:3191,1
DA:3192,1
DA:3193,1
DA:3194,1
DA:3195,1
DA:3196,1
DA:3197,1
DA:3198,1
DA:3199,1
DA:3200,0
DA:3201,0
DA:3202,0
DA:3203,0
DA:3204,0
DA:3205,0
DA:3206,0
DA:3207,0
DA:3208,0
DA:3209,0
DA:3210,0
DA:3211,1
DA:3212,1
DA:3213,1
DA:3214,1
DA:3215,1
DA:3216,1
DA:3217,1
DA:3218,1
DA:3219,1
DA:3220,1
DA:3221,1
DA:3222,1
DA:3223,1
DA:3224,1
DA:3225,1
DA:3226,1
DA:3227,1
DA:3228,1
DA:3229,1
DA:3230,1
DA:3231,1
DA:3232,1
DA:3233,1
DA:3234,1
DA:3235,1
DA:3236,1
DA:3237,1
DA:3238,0
DA:3239,1
DA:3240,1
DA:3241,1
DA:3242,1
DA:3243,1
DA:3244,1
DA:3245,1
DA:3246,1
DA:3247,1
DA:3248,1
DA:3249,1
DA:3250,1
DA:3251,1
DA:3252,1
DA:3253,1
DA:3254,1
DA:3255,1
DA:3256,1
DA:3257,1
DA:3258,1
DA:3259,1
DA:3260,1
DA:3261,1
DA:3262,1
DA:3263,1
DA:3264,1
DA:3265,1
DA:3266,1
DA:3267,1
DA:3268,1
DA:3269,1
DA:3270,1
DA:3271,1
DA:3272,1
DA:3273,1
DA:3274,1
DA:3275,1
DA:3276,1
DA:3277,1
DA:3278,1
DA:3279,1
DA:3280,0
DA:3281,0
DA:3282,0
DA:3283,0
DA:3284,0
DA:3285,0
DA:3286,0
DA:3287,0
DA:3288,0
DA:3289,1
DA:3290,1
DA:3291,1
DA:3292,1
DA:3293,1
DA:3294,1
DA:3295,1
DA:3296,1
DA:3297,1
DA:3298,1
DA:3299,1
DA:3300,1
DA:3301,1
DA:3302,1
DA:3303,1
DA:3304,1
DA:3305,1
DA:3306,1
DA:3307,1
DA:3308,1
DA:3309,1
DA:3310,1
DA:3311,1
DA:3312,1
DA:3313,1
DA:3314,1
DA:3315,1
DA:3316,1
DA:3317,1
DA:3318,1
DA:3319,1
DA:3320,1
DA:3321,1
DA:3322,1
DA:3323,1
DA:3324,1
DA:3325,1
DA:3326,1
DA:3327,1
DA:3328,1
DA:3329,1
DA:3330,1
DA:3331,1
DA:3332,1
DA:3333,1
DA:3334,0
DA:3335,0
DA:3336,0
DA:3337,0
DA:3338,0
DA:3339,0
DA:3340,0
DA:3341,0
DA:3342,0
DA:3343,0
DA:3344,0
DA:3345,0
DA:3346,0
DA:3347,0
DA:3348,0
DA:3349,0
DA:3350,0
DA:3351,0
DA:3352,0
DA:3353,0
DA:3354,1
DA:3355,1
DA:3356,1
DA:3357,1
DA:3358,1
DA:3359,1
DA:3360,1
DA:3361,1
DA:3362,0
DA:3363,0
DA:3364,0
DA:3365,0
DA:3366,0
DA:3367,0
DA:3368,0
DA:3369,0
DA:3370,0
DA:3371,0
DA:3372,0
DA:3373,0
DA:3374,0
DA:3375,0
DA:3376,0
DA:3377,0
DA:3378,0
DA:3379,0
DA:3380,0
DA:3381,0
DA:3382,0
DA:3383,0
DA:3384,0
DA:3385,1
DA:3386,1
DA:3387,1
DA:3388,1
DA:3389,1
DA:3390,1
DA:3391,1
DA:3392,1
DA:3393,1
DA:3394,1
DA:3395,1
DA:3396,1
DA:3397,1
DA:3398,1
DA:3399,1
DA:3400,1
DA:3401,1
DA:3402,1
DA:3403,1
DA:3404,1
DA:3405,1
DA:3406,1
DA:3407,1
DA:3408,1
DA:3409,1
DA:3410,1
DA:3411,1
DA:3412,1
DA:3413,1
DA:3414,1
DA:3415,1
DA:3416,1
DA:3417,1
DA:3418,1
DA:3419,1
DA:3420,1
DA:3421,1
DA:3422,1
DA:3423,1
DA:3424,1
DA:3425,1
DA:3426,1
DA:3427,1
DA:3428,1
DA:3429,1
DA:3430,1
DA:3431,1
DA:3432,1
DA:3433,1
DA:3434,1
DA:3435,1
DA:3436,1
DA:3437,1
DA:3438,1
DA:3439,1
DA:3440,1
DA:3441,1
DA:3442,1
DA:3443,1
DA:3444,1
DA:3445,1
DA:3446,1
DA:3447,1
DA:3448,1
DA:3449,1
DA:3450,1
DA:3451,1
DA:3452,1
DA:3453,1
DA:3454,1
DA:3455,1
DA:3456,1
DA:3457,1
DA:3458,1
DA:3459,0
DA:3460,0
DA:3461,0
DA:3462,0
DA:3463,0
DA:3464,0
DA:3465,0
DA:3466,0
DA:3467,0
DA:3468,0
DA:3469,0
DA:3470,0
DA:3471,0
DA:3472,0
DA:3473,0
DA:3474,0
DA:3475,0
DA:3476,0
DA:3477,0
DA:3478,0
DA:3479,0
DA:3480,0
DA:3481,0
DA:3482,0
DA:3483,0
DA:3484,0
DA:3485,0
DA:3486,0
DA:3487,0
DA:3488,0
DA:3489,0
DA:3490,0
DA:3491,1
DA:3492,1
DA:3493,1
DA:3494,1
DA:3495,1
DA:3496,1
DA:3497,1
DA:3498,1
DA:3499,1
DA:3500,1
DA:3501,1
DA:3502,1
DA:3503,1
DA:3504,1
DA:3505,1
DA:3506,1
DA:3507,1
DA:3508,1
DA:3509,1
DA:3510,1
DA:3511,1
DA:3512,1
DA:3513,1
DA:3514,1
DA:3515,1
DA:3516,1
DA:3517,1
DA:3518,1
DA:3519,1
DA:3520,1
DA:3521,1
DA:3522,1
DA:3523,1
DA:3524,1
DA:3525,1
DA:3526,1
DA:3527,1
DA:3528,1
DA:3529,1
DA:3530,1
DA:3531,1
DA:3532,1
DA:3533,0
DA:3534,0
DA:3535,0
DA:3536,0
DA:3537,0
DA:3538,0
DA:3539,0
DA:3540,0
DA:3541,0
DA:3542,0
DA:3543,0
DA:3544,0
DA:3545,0
DA:3546,0
DA:3547,0
DA:3548,0
DA:3549,0
DA:3550,0
DA:3551,0
DA:3552,0
DA:3553,0
DA:3554,0
DA:3555,0
DA:3556,0
DA:3557,0
DA:3558,0
DA:3559,0
DA:3560,0
DA:3561,0
DA:3562,0
DA:3563,0
DA:3564,0
DA:3565,1
DA:3566,1
DA:3567,1
DA:3568,1
DA:3569,1
DA:3570,1
DA:3571,1
DA:3572,1
DA:3573,1
DA:3574,1
DA:3575,1
DA:3576,1
DA:3577,1
DA:3578,1
DA:3579,1
DA:3580,1
DA:3581,1
DA:3582,1
DA:3583,1
DA:3584,1
DA:3585,1
DA:3586,1
DA:3587,1
DA:3588,1
DA:3589,1
DA:3590,1
DA:3591,1
DA:3592,1
DA:3593,1
DA:3594,1
DA:3595,1
DA:3596,1
DA:3597,1
DA:3598,1
DA:3599,1
DA:3600,1
DA:3601,1
DA:3602,1
DA:3603,1
DA:3604,1
DA:3605,1
DA:3606,1
DA:3607,1
DA:3608,1
DA:3609,1
DA:3610,1
DA:3611,1
DA:3612,1
DA:3613,1
DA:3614,1
DA:3615,1
DA:3616,1
DA:3617,1
DA:3618,1
DA:3619,1
DA:3620,1
DA:3621,1
DA:3622,1
DA:3623,1
DA:3624,1
DA:3625,1
DA:3626,1
DA:3627,1
DA:3628,1
DA:3629,1
DA:3630,1
DA:3631,1
DA:3632,1
DA:3633,1
DA:3634,1
DA:3635,1
DA:3636,1
DA:3637,1
DA:3638,1
DA:3639,1
DA:3640,1
DA:3641,1
DA:3642,1
DA:3643,1
DA:3644,1
DA:3645,1
DA:3646,1
DA:3647,1
DA:3648,1
DA:3649,1
DA:3650,1
DA:3651,1
DA:3652,1
DA:3653,1
DA:3654,1
DA:3655,1
DA:3656,1
DA:3657,1
DA:3658,1
DA:3659,1
DA:3660,1
DA:3661,1
DA:3662,1
DA:3663,1
DA:3664,1
DA:3665,1
DA:3666,1
DA:3667,1
DA:3668,0
DA:3669,0
DA:3670,0
DA:3671,0
DA:3672,0
DA:3673,0
DA:3674,0
DA:3675,0
DA:3676,0
DA:3677,0
DA:3678,0
DA:3679,0
DA:3680,0
DA:3681,0
DA:3682,0
DA:3683,0
DA:3684,0
DA:3685,0
DA:3686,0
DA:3687,0
DA:3688,0
DA:3689,0
DA:3690,0
DA:3691,0
DA:3692,0
DA:3693,0
DA:3694,0
DA:3695,0
DA:3696,0
DA:3697,0
DA:3698,0
DA:3699,1
DA:3700,1
DA:3701,1
DA:3702,1
DA:3703,1
DA:3704,1
DA:3705,1
DA:3706,1
DA:3707,1
DA:3708,1
DA:3709,1
DA:3710,1
DA:3711,1
DA:3712,1
DA:3713,1
DA:3714,1
DA:3715,1
DA:3716,1
DA:3717,1
DA:3718,1
DA:3719,1
DA:3720,1
DA:3721,1
DA:3722,1
DA:3723,1
DA:3724,1
DA:3725,1
DA:3726,1
DA:3727,1
DA:3728,1
DA:3729,1
DA:3730,1
DA:3731,1
DA:3732,1
DA:3733,1
DA:3734,1
DA:3735,1
DA:3736,1
DA:3737,1
DA:3738,1
DA:3739,1
DA:3740,1
DA:3741,1
DA:3742,1
DA:3743,1
DA:3744,1
DA:3745,1
DA:3746,1
DA:3747,1
DA:3748,1
DA:3749,1
DA:3750,1
DA:3751,1
DA:3752,1
DA:3753,1
DA:3754,1
DA:3755,1
DA:3756,1
DA:3757,1
DA:3758,1
DA:3759,1
DA:3760,1
DA:3761,1
DA:3762,1
DA:3763,1
DA:3764,1
DA:3765,1
DA:3766,1
DA:3767,1
DA:3768,1
DA:3769,1
DA:3770,1
DA:3771,1
DA:3772,1
DA:3773,1
DA:3774,1
DA:3775,1
DA:3776,1
DA:3777,1
DA:3778,1
DA:3779,1
DA:3780,1
DA:3781,1
DA:3782,1
DA:3783,1
DA:3784,1
DA:3785,0
DA:3786,0
DA:3787,0
DA:3788,0
DA:3789,0
DA:3790,0
DA:3791,0
DA:3792,0
DA:3793,0
DA:3794,0
DA:3795,0
DA:3796,0
DA:3797,0
DA:3798,0
DA:3799,0
DA:3800,0
DA:3801,0
DA:3802,0
DA:3803,0
DA:3804,0
DA:3805,0
DA:3806,0
DA:3807,0
DA:3808,0
DA:3809,0
DA:3810,0
DA:3811,0
DA:3812,0
DA:3813,0
DA:3814,0
DA:3815,0
DA:3816,0
DA:3817,0
DA:3818,1
DA:3819,1
DA:3820,1
DA:3821,1
DA:3822,1
DA:3823,1
DA:3824,1
DA:3825,1
DA:3826,1
DA:3827,1
DA:3828,1
DA:3829,1
DA:3830,1
DA:3831,1
DA:3832,1
DA:3833,1
DA:3834,1
DA:3835,1
DA:3836,1
DA:3837,1
DA:3838,1
DA:3839,1
DA:3840,1
DA:3841,1
DA:3842,1
DA:3843,1
DA:3844,1
DA:3845,1
DA:3846,1
DA:3847,1
DA:3848,1
DA:3849,1
DA:3850,1
DA:3851,1
DA:3852,1
DA:3853,1
DA:3854,1
DA:3855,1
DA:3856,1
DA:3857,1
DA:3858,1
DA:3859,1
DA:3860,1
DA:3861,1
DA:3862,1
DA:3863,1
DA:3864,1
DA:3865,1
DA:3866,1
DA:3867,1
DA:3868,1
DA:3869,1
DA:3870,1
DA:3871,1
DA:3872,1
DA:3873,1
DA:3874,1
DA:3875,1
DA:3876,1
DA:3877,1
DA:3878,1
DA:3879,1
DA:3880,1
DA:3881,1
DA:3882,1
DA:3883,1
DA:3884,1
DA:3885,1
DA:3886,1
DA:3887,1
DA:3888,1
DA:3889,1
DA:3890,1
DA:3891,1
DA:3892,1
DA:3893,1
DA:3894,1
DA:3895,1
DA:3896,1
DA:3897,1
DA:3898,1
DA:3899,1
DA:3900,1
DA:3901,1
DA:3902,1
DA:3903,1
DA:3904,0
DA:3905,0
DA:3906,0
DA:3907,0
DA:3908,0
DA:3909,0
DA:3910,0
DA:3911,0
DA:3912,0
DA:3913,0
DA:3914,0
DA:3915,0
DA:3916,0
DA:3917,0
DA:3918,0
DA:3919,0
DA:3920,0
DA:3921,0
DA:3922,0
DA:3923,0
DA:3924,0
DA:3925,0
DA:3926,0
DA:3927,0
DA:3928,0
DA:3929,0
DA:3930,0
DA:3931,0
DA:3932,0
DA:3933,0
DA:3934,0
DA:3935,0
DA:3936,0
DA:3937,1
DA:3938,1
DA:3939,1
DA:3940,1
DA:3941,1
DA:3942,1
DA:3943,1
DA:3944,1
DA:3945,1
DA:3946,1
DA:3947,1
DA:3948,1
DA:3949,1
DA:3950,1
DA:3951,1
DA:3952,1
DA:3953,1
DA:3954,1
DA:3955,1
DA:3956,1
DA:3957,1
DA:3958,1
DA:3959,1
DA:3960,1
DA:3961,1
DA:3962,1
DA:3963,1
DA:3964,1
DA:3965,1
DA:3966,1
DA:3967,1
DA:3968,1
DA:3969,1
DA:3970,1
DA:3971,1
DA:3972,1
DA:3973,1
DA:3974,1
DA:3975,1
DA:3976,1
DA:3977,1
DA:3978,1
DA:3979,1
DA:3980,1
DA:3981,1
DA:3982,1
DA:3983,1
DA:3984,1
DA:3985,1
DA:3986,1
DA:3987,1
DA:3988,1
DA:3989,1
DA:3990,1
DA:3991,1
DA:3992,1
DA:3993,1
DA:3994,1
DA:3995,1
DA:3996,1
DA:3997,1
DA:3998,1
DA:3999,1
DA:4000,1
DA:4001,1
DA:4002,1
DA:4003,1
DA:4004,1
DA:4005,1
DA:4006,1
DA:4007,1
DA:4008,1
DA:4009,1
DA:4010,0
DA:4011,0
DA:4012,0
DA:4013,0
DA:4014,0
DA:4015,0
DA:4016,0
DA:4017,0
DA:4018,0
DA:4019,0
DA:4020,0
DA:4021,0
DA:4022,0
DA:4023,0
DA:4024,0
DA:4025,0
DA:4026,0
DA:4027,0
DA:4028,0
DA:4029,1
DA:4030,1
DA:4031,1
DA:4032,1
DA:4033,1
DA:4034,1
DA:4035,1
DA:4036,1
DA:4037,1
DA:4038,1
DA:4039,1
DA:4040,1
DA:4041,1
DA:4042,1
DA:4043,1
DA:4044,1
DA:4045,1
DA:4046,1
DA:4047,1
DA:4048,1
DA:4049,1
DA:4050,1
DA:4051,1
DA:4052,1
DA:4053,1
DA:4054,1
DA:4055,1
DA:4056,1
DA:4057,1
DA:4058,1
DA:4059,1
DA:4060,1
DA:4061,1
DA:4062,1
DA:4063,0
DA:4064,0
DA:4065,0
DA:4066,0
DA:4067,0
DA:4068,0
DA:4069,0
DA:4070,0
DA:4071,0
DA:4072,0
DA:4073,0
DA:4074,0
DA:4075,0
DA:4076,1
DA:4077,1
DA:4078,1
DA:4079,1
DA:4080,1
DA:4081,1
DA:4082,1
DA:4083,1
DA:4084,1
DA:4085,1
DA:4086,1
DA:4087,1
DA:4088,1
DA:4089,1
DA:4090,1
DA:4091,1
DA:4092,1
DA:4093,1
DA:4094,1
DA:4095,1
DA:4096,1
DA:4097,1
DA:4098,1
DA:4099,1
DA:4100,1
DA:4101,1
DA:4102,1
DA:4103,1
DA:4104,1
DA:4105,1
DA:4106,1
DA:4107,1
DA:4108,0
DA:4109,0
DA:4110,0
DA:4111,0
DA:4112,0
DA:4113,0
DA:4114,0
DA:4115,0
DA:4116,0
DA:4117,0
DA:4118,0
DA:4119,0
DA:4120,0
DA:4121,1
DA:4122,1
DA:4123,1
DA:4124,1
DA:4125,1
DA:4126,1
DA:4127,1
DA:4128,1
DA:4129,1
DA:4130,1
DA:4131,1
DA:4132,1
DA:4133,1
DA:4134,1
DA:4135,1
DA:4136,1
DA:4137,1
DA:4138,1
DA:4139,1
DA:4140,1
DA:4141,1
DA:4142,1
DA:4143,1
DA:4144,1
DA:4145,1
DA:4146,1
DA:4147,1
DA:4148,1
DA:4149,1
DA:4150,0
DA:4151,0
DA:4152,0
DA:4153,0
DA:4154,0
DA:4155,0
DA:4156,0
DA:4157,0
DA:4158,0
DA:4159,0
DA:4160,0
DA:4161,0
DA:4162,0
DA:4163,1
DA:4164,1
DA:4165,1
DA:4166,1
DA:4167,1
DA:4168,1
DA:4169,1
DA:4170,1
DA:4171,1
DA:4172,1
DA:4173,1
DA:4174,1
DA:4175,1
DA:4176,1
DA:4177,1
DA:4178,1
DA:4179,1
DA:4180,1
DA:4181,1
DA:4182,1
DA:4183,1
DA:4184,1
DA:4185,1
DA:4186,1
DA:4187,1
DA:4188,1
DA:4189,1
DA:4190,1
DA:4191,1
DA:4192,1
DA:4193,1
DA:4194,1
DA:4195,1
DA:4196,1
DA:4197,1
DA:4198,1
DA:4199,1
DA:4200,1
DA:4201,1
DA:4202,1
DA:4203,1
DA:4204,1
DA:4205,1
DA:4206,1
DA:4207,1
DA:4208,1
DA:4209,1
DA:4210,1
DA:4211,1
DA:4212,1
DA:4213,1
DA:4214,1
DA:4215,1
DA:4216,0
DA:4217,0
DA:4218,0
DA:4219,0
DA:4220,0
DA:4221,0
DA:4222,1
DA:4223,1
DA:4224,1
DA:4225,1
DA:4226,1
DA:4227,1
DA:4228,1
DA:4229,1
DA:4230,1
DA:4231,1
DA:4232,1
DA:4233,1
DA:4234,1
DA:4235,1
DA:4236,1
DA:4237,1
DA:4238,1
DA:4239,1
DA:4240,1
DA:4241,1
DA:4242,1
DA:4243,1
DA:4244,1
DA:4245,1
DA:4246,1
DA:4247,1
DA:4248,1
DA:4249,1
DA:4250,1
DA:4251,1
DA:4252,1
DA:4253,1
DA:4254,1
DA:4255,1
DA:4256,1
DA:4257,1
DA:4258,1
DA:4259,1
DA:4260,1
DA:4261,0
DA:4262,0
DA:4263,0
DA:4264,0
DA:4265,0
DA:4266,1
DA:4267,1
DA:4268,1
DA:4269,1
DA:4270,1
DA:4271,1
DA:4272,1
DA:4273,1
DA:4274,1
DA:4275,1
DA:4276,1
DA:4277,1
DA:4278,1
DA:4279,1
DA:4280,1
DA:4281,1
DA:4282,1
DA:4283,1
DA:4284,1
DA:4285,1
DA:4286,1
DA:4287,1
DA:4288,1
DA:4289,1
DA:4290,1
DA:4291,1
DA:4292,0
DA:4293,0
DA:4294,0
DA:4295,0
DA:4296,0
DA:4297,0
DA:4298,0
DA:4299,0
DA:4300,0
DA:4301,0
DA:4302,0
DA:4303,0
DA:4304,0
DA:4305,1
DA:4306,1
DA:4307,1
DA:4308,1
DA:4309,1
DA:4310,1
DA:4311,1
DA:4312,1
DA:4313,1
DA:4314,1
DA:4315,1
DA:4316,1
DA:4317,1
DA:4318,1
DA:4319,1
DA:4320,1
DA:4321,1
DA:4322,1
DA:4323,1
DA:4324,0
DA:4325,1
DA:4326,1
DA:4327,1
DA:4328,1
DA:4329,1
DA:4330,1
DA:4331,1
DA:4332,1
DA:4333,1
DA:4334,1
DA:4335,1
DA:4336,1
DA:4337,1
DA:4338,1
DA:4339,1
DA:4340,1
DA:4341,1
DA:4342,1
DA:4343,1
DA:4344,0
DA:4345,1
DA:4346,1
DA:4347,1
DA:4348,1
DA:4349,1
DA:4350,1
DA:4351,1
DA:4352,1
DA:4353,1
DA:4354,1
DA:4355,1
DA:4356,1
DA:4357,1
DA:4358,1
DA:4359,1
DA:4360,1
DA:4361,1
DA:4362,1
DA:4363,0
DA:4364,0
DA:4365,0
DA:4366,0
DA:4367,0
DA:4368,0
DA:4369,0
DA:4370,0
DA:4371,0
DA:4372,1
DA:4373,1
DA:4374,1
DA:4375,1
DA:4376,1
DA:4377,1
DA:4378,1
DA:4379,1
DA:4380,1
DA:4381,1
DA:4382,1
DA:4383,1
DA:4384,1
DA:4385,1
DA:4386,1
DA:4387,1
DA:4388,1
DA:4389,1
DA:4390,1
DA:4391,0
DA:4392,0
DA:4393,0
DA:4394,0
DA:4395,0
DA:4396,0
DA:4397,0
DA:4398,0
DA:4399,0
DA:4400,1
DA:4401,1
DA:4402,1
DA:4403,1
DA:4404,1
DA:4405,1
DA:4406,1
DA:4407,1
DA:4408,1
DA:4409,1
DA:4410,1
DA:4411,1
DA:4412,1
DA:4413,1
DA:4414,1
DA:4415,1
DA:4416,1
DA:4417,1
DA:4418,1
DA:4419,0
DA:4420,1
DA:4421,1
DA:4422,1
DA:4423,1
DA:4424,1
DA:4425,1
DA:4426,1
DA:4427,1
DA:4428,1
DA:4429,1
DA:4430,1
DA:4431,1
DA:4432,1
DA:4433,1
DA:4434,1
DA:4435,1
DA:4436,1
DA:4437,1
DA:4438,0
DA:4439,1
DA:4440,1
DA:4441,1
DA:4442,1
DA:4443,1
DA:4444,1
DA:4445,1
DA:4446,1
DA:4447,1
DA:4448,1
DA:4449,1
DA:4450,1
DA:4451,1
DA:4452,1
DA:4453,1
DA:4454,1
DA:4455,1
DA:4456,1
DA:4457,1
DA:4458,0
DA:4459,1
DA:4460,1
DA:4461,1
DA:4462,1
DA:4463,1
DA:4464,1
DA:4465,1
DA:4466,1
DA:4467,1
DA:4468,1
DA:4469,1
DA:4470,1
DA:4471,1
DA:4472,1
DA:4473,1
DA:4474,1
DA:4475,1
DA:4476,1
DA:4477,0
DA:4478,1
DA:4479,1
DA:4480,1
DA:4481,1
DA:4482,1
DA:4483,1
DA:4484,1
DA:4485,1
DA:4486,1
DA:4487,1
DA:4488,1
DA:4489,1
DA:4490,1
DA:4491,1
DA:4492,1
DA:4493,1
DA:4494,1
DA:4495,1
DA:4496,0
DA:4497,1
DA:4498,1
DA:4499,1
DA:4500,1
DA:4501,1
DA:4502,1
DA:4503,1
DA:4504,1
DA:4505,1
DA:4506,1
DA:4507,1
DA:4508,1
DA:4509,1
DA:4510,1
DA:4511,1
DA:4512,1
DA:4513,1
DA:4514,1
DA:4515,1
DA:4516,0
DA:4517,1
DA:4518,1
DA:4519,1
DA:4520,1
DA:4521,1
DA:4522,1
DA:4523,1
DA:4524,1
DA:4525,1
DA:4526,1
DA:4527,1
DA:4528,1
DA:4529,1
DA:4530,1
DA:4531,1
DA:4532,1
DA:4533,1
DA:4534,1
DA:4535,0
DA:4536,1
DA:4537,1
DA:4538,1
DA:4539,1
DA:4540,1
DA:4541,1
DA:4542,1
DA:4543,1
DA:4544,1
DA:4545,1
DA:4546,1
DA:4547,1
DA:4548,1
DA:4549,1
DA:4550,1
DA:4551,1
DA:4552,1
DA:4553,1
DA:4554,1
DA:4555,0
DA:4556,1
DA:4557,1
DA:4558,1
DA:4559,1
DA:4560,1
DA:4561,1
DA:4562,1
DA:4563,1
DA:4564,1
DA:4565,1
DA:4566,1
DA:4567,1
DA:4568,1
DA:4569,1
DA:4570,1
DA:4571,1
DA:4572,1
DA:4573,1
DA:4574,0
DA:4575,1
DA:4576,1
DA:4577,1
DA:4578,1
DA:4579,1
DA:4580,1
DA:4581,1
DA:4582,1
DA:4583,1
DA:4584,1
DA:4585,1
DA:4586,1
DA:4587,1
DA:4588,1
DA:4589,1
DA:4590,1
DA:4591,1
DA:4592,1
DA:4593,0
DA:4594,1
DA:4595,1
DA:4596,1
DA:4597,1
DA:4598,1
DA:4599,1
DA:4600,1
DA:4601,1
DA:4602,1
DA:4603,1
DA:4604,1
DA:4605,1
DA:4606,1
DA:4607,1
DA:4608,1
DA:4609,1
DA:4610,1
DA:4611,1
DA:4612,0
DA:4613,1
DA:4614,1
DA:4615,1
DA:4616,1
DA:4617,1
DA:4618,1
DA:4619,1
DA:4620,1
DA:4621,1
DA:4622,1
DA:4623,1
DA:4624,1
DA:4625,1
DA:4626,1
DA:4627,1
DA:4628,1
DA:4629,1
DA:4630,1
DA:4631,0
DA:4632,1
DA:4633,1
DA:4634,1
DA:4635,1
DA:4636,1
DA:4637,1
DA:4638,1
DA:4639,1
DA:4640,1
DA:4641,1
DA:4642,1
DA:4643,1
DA:4644,1
DA:4645,1
DA:4646,1
DA:4647,1
DA:4648,1
DA:4649,0
DA:4650,1
DA:4651,1
DA:4652,1
DA:4653,1
DA:4654,1
DA:4655,1
DA:4656,1
DA:4657,1
DA:4658,1
DA:4659,1
DA:4660,1
DA:4661,1
DA:4662,1
DA:4663,1
DA:4664,1
DA:4665,1
DA:4666,1
DA:4667,1
DA:4668,0
DA:4669,1
DA:4670,1
DA:4671,1
DA:4672,1
DA:4673,1
DA:4674,1
DA:4675,1
DA:4676,1
DA:4677,1
DA:4678,1
DA:4679,1
DA:4680,1
DA:4681,1
DA:4682,1
DA:4683,1
DA:4684,1
DA:4685,1
DA:4686,0
DA:4687,1
DA:4688,1
DA:4689,1
DA:4690,1
DA:4691,1
DA:4692,1
DA:4693,1
DA:4694,1
DA:4695,1
DA:4696,1
DA:4697,1
DA:4698,1
DA:4699,1
DA:4700,1
DA:4701,1
DA:4702,1
DA:4703,0
DA:4704,1
DA:4705,1
DA:4706,1
DA:4707,1
DA:4708,1
DA:4709,1
DA:4710,1
DA:4711,1
DA:4712,1
DA:4713,1
DA:4714,1
DA:4715,1
DA:4716,1
DA:4717,1
DA:4718,1
DA:4719,1
DA:4720,1
DA:4721,1
DA:4722,1
DA:4723,0
DA:4724,1
DA:4725,1
DA:4726,1
DA:4727,1
DA:4728,1
DA:4729,1
DA:4730,1
DA:4731,1
DA:4732,1
DA:4733,1
DA:4734,1
DA:4735,1
DA:4736,1
DA:4737,1
DA:4738,1
DA:4739,1
DA:4740,1
DA:4741,1
DA:4742,1
DA:4743,1
DA:4744,1
DA:4745,0
DA:4746,1
DA:4747,1
DA:4748,1
DA:4749,1
DA:4750,1
DA:4751,1
DA:4752,1
DA:4753,1
DA:4754,1
DA:4755,1
DA:4756,1
DA:4757,1
DA:4758,1
DA:4759,1
DA:4760,1
DA:4761,1
DA:4762,1
DA:4763,1
DA:4764,0
DA:4765,1
DA:4766,1
DA:4767,1
DA:4768,1
DA:4769,1
DA:4770,1
DA:4771,1
DA:4772,1
DA:4773,1
DA:4774,1
DA:4775,1
DA:4776,1
DA:4777,1
DA:4778,1
DA:4779,1
DA:4780,1
DA:4781,1
DA:4782,1
DA:4783,0
DA:4784,1
DA:4785,1
DA:4786,1
DA:4787,1
DA:4788,1
DA:4789,1
DA:4790,1
DA:4791,1
DA:4792,1
DA:4793,1
DA:4794,1
DA:4795,1
DA:4796,1
DA:4797,1
DA:4798,1
DA:4799,1
DA:4800,1
DA:4801,1
DA:4802,0
DA:4803,1
DA:4804,1
DA:4805,1
DA:4806,1
DA:4807,1
DA:4808,1
DA:4809,1
DA:4810,1
DA:4811,1
DA:4812,1
DA:4813,1
DA:4814,1
DA:4815,1
DA:4816,1
DA:4817,1
DA:4818,1
DA:4819,1
DA:4820,1
DA:4821,0
DA:4822,1
DA:4823,1
DA:4824,1
DA:4825,1
DA:4826,1
DA:4827,1
DA:4828,1
DA:4829,1
DA:4830,1
DA:4831,1
DA:4832,1
DA:4833,1
DA:4834,1
DA:4835,1
DA:4836,1
DA:4837,1
DA:4838,1
DA:4839,1
DA:4840,1
DA:4841,0
DA:4842,1
DA:4843,1
DA:4844,1
DA:4845,1
DA:4846,1
DA:4847,1
DA:4848,1
DA:4849,1
DA:4850,1
DA:4851,1
DA:4852,1
DA:4853,1
DA:4854,1
DA:4855,1
DA:4856,1
DA:4857,1
DA:4858,1
DA:4859,1
DA:4860,1
DA:4861,0
DA:4862,1
DA:4863,1
DA:4864,1
DA:4865,1
DA:4866,1
DA:4867,1
DA:4868,1
DA:4869,1
DA:4870,1
DA:4871,1
DA:4872,1
DA:4873,1
DA:4874,1
DA:4875,1
DA:4876,1
DA:4877,1
DA:4878,1
DA:4879,1
DA:4880,0
DA:4881,1
DA:4882,1
DA:4883,1
DA:4884,1
DA:4885,1
DA:4886,1
DA:4887,1
DA:4888,1
DA:4889,1
DA:4890,1
DA:4891,1
DA:4892,1
DA:4893,1
DA:4894,1
DA:4895,1
DA:4896,1
DA:4897,1
DA:4898,1
DA:4899,0
DA:4900,1
DA:4901,1
DA:4902,1
DA:4903,1
DA:4904,1
DA:4905,1
DA:4906,1
DA:4907,1
DA:4908,1
DA:4909,1
DA:4910,1
DA:4911,1
DA:4912,1
DA:4913,1
DA:4914,1
DA:4915,1
DA:4916,1
DA:4917,1
DA:4918,0
DA:4919,1
DA:4920,1
DA:4921,1
DA:4922,1
DA:4923,1
DA:4924,1
DA:4925,1
DA:4926,1
DA:4927,1
DA:4928,1
DA:4929,1
DA:4930,1
DA:4931,1
DA:4932,1
DA:4933,1
DA:4934,1
DA:4935,1
DA:4936,1
DA:4937,0
DA:4938,1
DA:4939,1
DA:4940,1
DA:4941,1
DA:4942,1
DA:4943,1
DA:4944,1
DA:4945,1
DA:4946,1
DA:4947,1
DA:4948,1
DA:4949,1
DA:4950,1
DA:4951,1
DA:4952,1
DA:4953,1
DA:4954,1
DA:4955,1
DA:4956,0
DA:4957,1
DA:4958,1
DA:4959,1
DA:4960,1
DA:4961,1
DA:4962,1
DA:4963,1
DA:4964,1
DA:4965,1
DA:4966,1
DA:4967,1
DA:4968,1
DA:4969,1
DA:4970,1
DA:4971,1
DA:4972,1
DA:4973,1
DA:4974,1
DA:4975,0
DA:4976,1
DA:4977,1
DA:4978,1
DA:4979,1
DA:4980,1
DA:4981,1
DA:4982,1
DA:4983,1
DA:4984,1
DA:4985,1
DA:4986,1
DA:4987,1
DA:4988,1
DA:4989,1
DA:4990,1
DA:4991,1
DA:4992,1
DA:4993,1
DA:4994,1
DA:4995,1
DA:4996,0
DA:4997,1
DA:4998,1
DA:4999,1
DA:5000,1
DA:5001,1
DA:5002,1
DA:5003,1
DA:5004,1
DA:5005,1
DA:5006,1
DA:5007,1
DA:5008,1
DA:5009,1
DA:5010,1
DA:5011,1
DA:5012,1
DA:5013,1
DA:5014,1
DA:5015,1
DA:5016,1
DA:5017,1
DA:5018,0
DA:5019,1
DA:5020,1
DA:5021,1
DA:5022,1
DA:5023,1
DA:5024,1
DA:5025,1
DA:5026,1
DA:5027,1
DA:5028,1
DA:5029,1
DA:5030,1
DA:5031,1
DA:5032,1
DA:5033,1
DA:5034,1
DA:5035,1
DA:5036,1
DA:5037,1
DA:5038,1
DA:5039,1
DA:5040,0
DA:5041,1
DA:5042,1
DA:5043,1
DA:5044,1
DA:5045,1
DA:5046,1
DA:5047,1
DA:5048,1
DA:5049,1
DA:5050,1
DA:5051,1
DA:5052,1
DA:5053,1
DA:5054,1
DA:5055,1
DA:5056,1
DA:5057,1
DA:5058,1
DA:5059,1
DA:5060,1
DA:5061,1
DA:5062,1
DA:5063,1
DA:5064,1
DA:5065,0
DA:5066,1
DA:5067,1
DA:5068,1
DA:5069,1
DA:5070,1
DA:5071,1
DA:5072,1
DA:5073,1
DA:5074,1
DA:5075,1
DA:5076,1
DA:5077,1
DA:5078,1
DA:5079,1
DA:5080,1
DA:5081,1
DA:5082,1
DA:5083,1
DA:5084,1
DA:5085,0
DA:5086,1
DA:5087,1
DA:5088,1
DA:5089,1
DA:5090,1
DA:5091,1
DA:5092,1
DA:5093,1
DA:5094,1
DA:5095,1
DA:5096,1
DA:5097,1
DA:5098,1
DA:5099,1
DA:5100,1
DA:5101,1
DA:5102,1
DA:5103,1
DA:5104,1
DA:5105,1
DA:5106,1
DA:5107,0
DA:5108,1
DA:5109,1
DA:5110,1
DA:5111,1
DA:5112,1
DA:5113,1
DA:5114,1
DA:5115,1
DA:5116,1
DA:5117,1
DA:5118,1
DA:5119,1
DA:5120,1
DA:5121,1
DA:5122,1
DA:5123,1
DA:5124,1
DA:5125,1
DA:5126,1
DA:5127,1
DA:5128,1
DA:5129,0
DA:5130,0
DA:5131,1
DA:5132,1
DA:5133,1
DA:5134,1
DA:5135,1
DA:5136,1
DA:5137,1
DA:5138,1
DA:5139,1
DA:5140,1
DA:5141,1
DA:5142,1
DA:5143,1
DA:5144,1
DA:5145,1
DA:5146,1
DA:5147,1
DA:5148,1
DA:5149,1
DA:5150,1
DA:5151,1
DA:5152,1
DA:5153,1
DA:5154,1
DA:5155,1
DA:5156,1
DA:5157,1
DA:5158,1
DA:5159,1
DA:5160,1
DA:5161,1
DA:5162,1
DA:5163,1
DA:5164,1
DA:5165,0
DA:5166,1
DA:5167,1
DA:5168,1
DA:5169,1
DA:5170,1
DA:5171,1
DA:5172,1
DA:5173,1
DA:5174,1
DA:5175,1
DA:5176,1
DA:5177,1
DA:5178,1
DA:5179,1
DA:5180,1
DA:5181,1
DA:5182,1
DA:5183,1
DA:5184,1
DA:5185,1
DA:5186,1
DA:5187,1
DA:5188,1
DA:5189,1
DA:5190,1
DA:5191,1
DA:5192,1
DA:5193,1
DA:5194,1
DA:5195,1
DA:5196,1
DA:5197,1
DA:5198,1
DA:5199,1
DA:5200,1
DA:5201,0
DA:5202,1
DA:5203,1
DA:5204,1
DA:5205,1
DA:5206,1
DA:5207,1
DA:5208,1
DA:5209,1
DA:5210,1
DA:5211,1
DA:5212,1
DA:5213,1
DA:5214,1
DA:5215,1
DA:5216,1
DA:5217,1
DA:5218,1
DA:5219,1
DA:5220,1
DA:5221,1
DA:5222,1
DA:5223,1
DA:5224,1
DA:5225,1
DA:5226,0
DA:5227,1
DA:5228,1
DA:5229,1
DA:5230,1
DA:5231,1
DA:5232,1
DA:5233,1
DA:5234,1
DA:5235,1
DA:5236,1
DA:5237,1
DA:5238,1
DA:5239,1
DA:5240,1
DA:5241,1
DA:5242,1
DA:5243,1
DA:5244,1
DA:5245,1
DA:5246,1
DA:5247,1
DA:5248,1
DA:5249,1
DA:5250,1
DA:5251,0
DA:5252,1
DA:5253,1
DA:5254,1
DA:5255,1
DA:5256,1
DA:5257,1
DA:5258,1
DA:5259,1
DA:5260,1
DA:5261,1
DA:5262,1
DA:5263,1
DA:5264,1
DA:5265,1
DA:5266,1
DA:5267,1
DA:5268,1
DA:5269,1
DA:5270,1
DA:5271,1
DA:5272,1
DA:5273,1
DA:5274,1
DA:5275,1
DA:5276,0
DA:5277,1
DA:5278,1
DA:5279,1
DA:5280,1
DA:5281,1
DA:5282,1
DA:5283,1
DA:5284,1
DA:5285,1
DA:5286,1
DA:5287,1
DA:5288,1
DA:5289,1
DA:5290,1
DA:5291,1
DA:5292,1
DA:5293,1
DA:5294,1
DA:5295,1
DA:5296,1
DA:5297,1
DA:5298,1
DA:5299,1
DA:5300,1
DA:5301,0
DA:5302,0
DA:5303,1
DA:5304,1
DA:5305,1
DA:5306,1
DA:5307,1
DA:5308,1
DA:5309,1
DA:5310,1
DA:5311,1
DA:5312,1
DA:5313,1
DA:5314,1
DA:5315,1
DA:5316,1
DA:5317,1
DA:5318,1
DA:5319,1
DA:5320,1
DA:5321,1
DA:5322,1
DA:5323,1
DA:5324,1
DA:5325,1
DA:5326,1
DA:5327,0
DA:5328,0
DA:5329,1
DA:5330,1
DA:5331,1
DA:5332,1
DA:5333,1
DA:5334,1
DA:5335,1
DA:5336,1
DA:5337,1
DA:5338,1
DA:5339,1
DA:5340,1
DA:5341,1
DA:5342,1
DA:5343,1
DA:5344,1
DA:5345,1
DA:5346,1
DA:5347,1
DA:5348,1
DA:5349,1
DA:5350,1
DA:5351,1
DA:5352,1
DA:5353,0
DA:5354,0
DA:5355,1
DA:5356,1
DA:5357,1
DA:5358,1
DA:5359,1
DA:5360,1
DA:5361,1
DA:5362,1
DA:5363,1
DA:5364,1
DA:5365,1
DA:5366,1
DA:5367,1
DA:5368,1
DA:5369,1
DA:5370,1
DA:5371,1
DA:5372,1
DA:5373,1
DA:5374,1
DA:5375,0
DA:5376,1
DA:5377,1
DA:5378,1
DA:5379,1
DA:5380,1
DA:5381,1
DA:5382,1
DA:5383,1
DA:5384,1
DA:5385,1
DA:5386,1
DA:5387,1
DA:5388,1
DA:5389,1
DA:5390,1
DA:5391,1
DA:5392,1
DA:5393,1
DA:5394,1
DA:5395,1
DA:5396,1
DA:5397,1
DA:5398,0
DA:5399,1
DA:5400,1
DA:5401,1
DA:5402,1
DA:5403,1
DA:5404,1
DA:5405,1
DA:5406,1
DA:5407,1
DA:5408,1
DA:5409,1
DA:5410,1
DA:5411,1
DA:5412,1
DA:5413,1
DA:5414,1
DA:5415,1
DA:5416,1
DA:5417,1
DA:5418,1
DA:5419,0
DA:5420,0
DA:5421,1
DA:5422,1
DA:5423,1
DA:5424,1
DA:5425,1
DA:5426,1
DA:5427,1
DA:5428,1
DA:5429,1
DA:5430,1
DA:5431,1
DA:5432,1
DA:5433,1
DA:5434,1
DA:5435,1
DA:5436,1
DA:5437,1
DA:5438,1
DA:5439,1
DA:5440,1
DA:5441,0
DA:5442,0
DA:5443,1
DA:5444,1
DA:5445,1
DA:5446,1
DA:5447,1
DA:5448,1
DA:5449,1
DA:5450,1
DA:5451,1
DA:5452,1
DA:5453,1
DA:5454,1
DA:5455,1
DA:5456,1
DA:5457,1
DA:5458,1
DA:5459,1
DA:5460,1
DA:5461,0
DA:5462,1
DA:5463,1
DA:5464,1
DA:5465,1
DA:5466,1
DA:5467,1
DA:5468,1
DA:5469,1
DA:5470,1
DA:5471,1
DA:5472,1
DA:5473,1
DA:5474,1
DA:5475,1
DA:5476,1
DA:5477,1
DA:5478,1
DA:5479,1
DA:5480,0
DA:5481,1
DA:5482,1
DA:5483,1
DA:5484,1
DA:5485,1
DA:5486,1
DA:5487,1
DA:5488,1
DA:5489,1
DA:5490,1
DA:5491,1
DA:5492,1
DA:5493,1
DA:5494,1
DA:5495,1
DA:5496,1
DA:5497,1
DA:5498,1
DA:5499,1
DA:5500,1
DA:5501,0
DA:5502,1
DA:5503,1
DA:5504,1
DA:5505,1
DA:5506,1
DA:5507,1
DA:5508,1
DA:5509,1
DA:5510,1
DA:5511,1
DA:5512,1
DA:5513,1
DA:5514,1
DA:5515,1
DA:5516,1
DA:5517,1
DA:5518,1
DA:5519,1
DA:5520,1
DA:5521,0
DA:5522,0
DA:5523,1
DA:5524,1
DA:5525,1
DA:5526,1
DA:5527,1
DA:5528,1
DA:5529,1
DA:5530,1
DA:5531,1
DA:5532,1
DA:5533,1
DA:5534,1
DA:5535,1
DA:5536,1
DA:5537,1
DA:5538,1
DA:5539,1
DA:5540,1
DA:5541,1
DA:5542,1
DA:5543,1
DA:5544,0
DA:5545,0
DA:5546,1
DA:5547,1
DA:5548,1
DA:5549,1
DA:5550,1
DA:5551,1
DA:5552,1
DA:5553,1
DA:5554,1
DA:5555,1
DA:5556,1
DA:5557,1
DA:5558,1
DA:5559,1
DA:5560,1
DA:5561,1
DA:5562,1
DA:5563,1
DA:5564,1
DA:5565,1
DA:5566,1
DA:5567,1
DA:5568,0
DA:5569,0
DA:5570,1
DA:5571,1
DA:5572,1
DA:5573,1
DA:5574,1
DA:5575,1
DA:5576,1
DA:5577,1
DA:5578,1
DA:5579,1
DA:5580,1
DA:5581,1
DA:5582,1
DA:5583,1
DA:5584,1
DA:5585,1
DA:5586,1
DA:5587,1
DA:5588,1
DA:5589,1
DA:5590,0
DA:5591,0
DA:5592,1
DA:5593,1
DA:5594,1
DA:5595,1
DA:5596,1
DA:5597,1
DA:5598,1
DA:5599,1
DA:5600,1
DA:5601,1
DA:5602,1
DA:5603,1
DA:5604,1
DA:5605,1
DA:5606,1
DA:5607,1
DA:5608,1
DA:5609,1
DA:5610,1
DA:5611,1
DA:5612,1
DA:5613,1
DA:5614,0
DA:5615,0
DA:5616,1
DA:5617,1
DA:5618,1
DA:5619,1
DA:5620,1
DA:5621,1
DA:5622,1
DA:5623,1
DA:5624,1
DA:5625,1
DA:5626,1
DA:5627,1
DA:5628,1
DA:5629,1
DA:5630,1
DA:5631,1
DA:5632,1
DA:5633,1
DA:5634,0
DA:5635,0
DA:5636,1
DA:5637,1
DA:5638,1
DA:5639,1
DA:5640,1
DA:5641,1
DA:5642,1
DA:5643,1
DA:5644,1
DA:5645,1
DA:5646,1
DA:5647,1
DA:5648,1
DA:5649,1
DA:5650,1
DA:5651,1
DA:5652,1
DA:5653,1
DA:5654,1
DA:5655,0
DA:5656,0
DA:5657,1
DA:5658,1
DA:5659,1
DA:5660,1
DA:5661,1
DA:5662,1
DA:5663,1
DA:5664,1
DA:5665,1
DA:5666,1
DA:5667,1
DA:5668,1
DA:5669,1
DA:5670,1
DA:5671,1
DA:5672,1
DA:5673,1
DA:5674,1
DA:5675,1
DA:5676,1
DA:5677,0
DA:5678,0
DA:5679,1
DA:5680,1
DA:5681,1
DA:5682,1
DA:5683,1
DA:5684,1
DA:5685,1
DA:5686,1
DA:5687,1
DA:5688,1
DA:5689,1
DA:5690,1
DA:5691,1
DA:5692,1
DA:5693,1
DA:5694,1
DA:5695,1
DA:5696,1
DA:5697,1
DA:5698,1
DA:5699,1
DA:5700,0
DA:5701,0
DA:5702,1
DA:5703,1
DA:5704,1
DA:5705,1
DA:5706,1
DA:5707,1
DA:5708,1
DA:5709,1
DA:5710,1
DA:5711,1
DA:5712,1
DA:5713,1
DA:5714,1
DA:5715,1
DA:5716,1
DA:5717,1
DA:5718,1
DA:5719,1
DA:5720,1
DA:5721,1
DA:5722,0
DA:5723,0
DA:5724,1
DA:5725,1
DA:5726,1
DA:5727,1
DA:5728,1
DA:5729,1
DA:5730,1
DA:5731,1
DA:5732,1
DA:5733,1
DA:5734,1
DA:5735,1
DA:5736,1
DA:5737,1
DA:5738,1
DA:5739,1
DA:5740,1
DA:5741,1
DA:5742,1
DA:5743,1
DA:5744,1
DA:5745,1
DA:5746,1
DA:5747,0
DA:5748,0
DA:5749,1
DA:5750,1
DA:5751,1
DA:5752,1
DA:5753,1
DA:5754,1
DA:5755,1
DA:5756,1
DA:5757,1
DA:5758,1
DA:5759,1
DA:5760,1
DA:5761,1
DA:5762,1
DA:5763,1
DA:5764,1
DA:5765,1
DA:5766,1
DA:5767,1
DA:5768,1
DA:5769,0
DA:5770,0
DA:5771,1
DA:5772,1
DA:5773,1
DA:5774,1
DA:5775,1
DA:5776,1
DA:5777,1
DA:5778,1
DA:5779,1
DA:5780,1
DA:5781,1
DA:5782,1
DA:5783,1
DA:5784,1
DA:5785,1
DA:5786,1
DA:5787,1
DA:5788,1
DA:5789,1
DA:5790,1
DA:5791,0
DA:5792,0
DA:5793,1
DA:5794,1
DA:5795,1
DA:5796,1
DA:5797,1
DA:5798,1
DA:5799,1
DA:5800,1
DA:5801,1
DA:5802,1
DA:5803,1
DA:5804,1
DA:5805,1
DA:5806,1
DA:5807,1
DA:5808,1
DA:5809,1
DA:5810,1
DA:5811,1
DA:5812,1
DA:5813,1
DA:5814,0
DA:5815,0
DA:5816,1
DA:5817,1
DA:5818,1
DA:5819,1
DA:5820,1
DA:5821,1
DA:5822,1
DA:5823,1
DA:5824,1
DA:5825,1
DA:5826,1
DA:5827,1
DA:5828,1
DA:5829,1
DA:5830,1
DA:5831,1
DA:5832,1
DA:5833,1
DA:5834,1
DA:5835,1
DA:5836,1
DA:5837,1
DA:5838,0
DA:5839,0
DA:5840,1
DA:5841,1
DA:5842,1
DA:5843,1
DA:5844,1
DA:5845,1
DA:5846,1
DA:5847,1
DA:5848,1
DA:5849,1
DA:5850,1
DA:5851,1
DA:5852,1
DA:5853,1
DA:5854,1
DA:5855,1
DA:5856,1
DA:5857,1
DA:5858,1
DA:5859,1
DA:5860,1
DA:5861,0
DA:5862,0
DA:5863,1
DA:5864,1
DA:5865,1
DA:5866,1
DA:5867,1
DA:5868,1
DA:5869,1
DA:5870,1
DA:5871,1
DA:5872,1
DA:5873,1
DA:5874,1
DA:5875,1
DA:5876,1
DA:5877,1
DA:5878,1
DA:5879,1
DA:5880,1
DA:5881,1
DA:5882,1
DA:5883,1
DA:5884,1
DA:5885,1
DA:5886,0
DA:5887,0
DA:5888,1
DA:5889,1
DA:5890,1
DA:5891,1
DA:5892,1
DA:5893,1
DA:5894,1
DA:5895,1
DA:5896,1
DA:5897,1
DA:5898,1
DA:5899,1
DA:5900,1
DA:5901,1
DA:5902,1
DA:5903,1
DA:5904,1
DA:5905,1
DA:5906,1
DA:5907,1
DA:5908,1
DA:5909,0
DA:5910,1
DA:5911,1
DA:5912,1
DA:5913,1
DA:5914,1
DA:5915,1
DA:5916,1
DA:5917,1
DA:5918,1
DA:5919,1
DA:5920,1
DA:5921,1
DA:5922,1
DA:5923,1
DA:5924,1
DA:5925,1
DA:5926,1
DA:5927,1
DA:5928,1
DA:5929,1
DA:5930,1
DA:5931,1
DA:5932,1
DA:5933,0
DA:5934,1
DA:5935,1
DA:5936,1
DA:5937,1
DA:5938,1
DA:5939,1
DA:5940,1
DA:5941,1
DA:5942,1
DA:5943,1
DA:5944,1
DA:5945,1
DA:5946,1
DA:5947,1
DA:5948,1
DA:5949,1
DA:5950,1
DA:5951,1
DA:5952,1
DA:5953,1
DA:5954,1
DA:5955,1
DA:5956,1
DA:5957,0
DA:5958,1
DA:5959,1
DA:5960,1
DA:5961,1
DA:5962,1
DA:5963,1
DA:5964,1
DA:5965,1
DA:5966,1
DA:5967,1
DA:5968,1
DA:5969,1
DA:5970,1
DA:5971,1
DA:5972,1
DA:5973,1
DA:5974,1
DA:5975,1
DA:5976,1
DA:5977,1
DA:5978,1
DA:5979,1
DA:5980,1
DA:5981,1
DA:5982,1
DA:5983,1
DA:5984,1
DA:5985,0
DA:5986,0
DA:5987,1
DA:5988,1
DA:5989,1
DA:5990,1
DA:5991,1
DA:5992,1
DA:5993,1
DA:5994,1
DA:5995,1
DA:5996,1
DA:5997,1
DA:5998,1
DA:5999,1
DA:6000,1
DA:6001,1
DA:6002,1
DA:6003,1
DA:6004,1
DA:6005,1
DA:6006,1
DA:6007,1
DA:6008,1
DA:6009,1
DA:6010,0
DA:6011,0
DA:6012,1
DA:6013,1
DA:6014,1
DA:6015,1
DA:6016,1
DA:6017,1
DA:6018,1
DA:6019,1
DA:6020,1
DA:6021,1
DA:6022,1
DA:6023,1
DA:6024,1
DA:6025,1
DA:6026,1
DA:6027,1
DA:6028,1
DA:6029,1
DA:6030,1
DA:6031,1
DA:6032,1
DA:6033,1
DA:6034,1
DA:6035,0
DA:6036,0
DA:6037,1
DA:6038,1
DA:6039,1
DA:6040,1
DA:6041,1
DA:6042,1
DA:6043,1
DA:6044,1
DA:6045,1
DA:6046,1
DA:6047,1
DA:6048,1
DA:6049,1
DA:6050,1
DA:6051,1
DA:6052,1
DA:6053,1
DA:6054,1
DA:6055,1
DA:6056,1
DA:6057,1
DA:6058,1
DA:6059,1
DA:6060,1
DA:6061,1
DA:6062,1
DA:6063,1
DA:6064,0
DA:6065,0
DA:6066,1
DA:6067,1
DA:6068,1
DA:6069,1
DA:6070,1
DA:6071,1
DA:6072,1
DA:6073,1
DA:6074,1
DA:6075,1
DA:6076,1
DA:6077,1
DA:6078,1
DA:6079,1
DA:6080,1
DA:6081,1
DA:6082,1
DA:6083,1
DA:6084,1
DA:6085,1
DA:6086,1
DA:6087,1
DA:6088,1
DA:6089,1
DA:6090,1
DA:6091,0
DA:6092,0
DA:6093,1
DA:6094,1
DA:6095,1
DA:6096,1
DA:6097,1
DA:6098,1
DA:6099,1
DA:6100,1
DA:6101,1
DA:6102,1
DA:6103,1
DA:6104,1
DA:6105,1
DA:6106,1
DA:6107,1
DA:6108,1
DA:6109,1
DA:6110,1
DA:6111,1
DA:6112,1
DA:6113,1
DA:6114,1
DA:6115,1
DA:6116,1
DA:6117,1
DA:6118,0
DA:6119,0
DA:6120,1
DA:6121,1
DA:6122,1
DA:6123,1
DA:6124,1
DA:6125,1
DA:6126,1
DA:6127,1
DA:6128,1
DA:6129,1
DA:6130,1
DA:6131,1
DA:6132,1
DA:6133,1
DA:6134,1
DA:6135,1
DA:6136,1
DA:6137,1
DA:6138,1
DA:6139,1
DA:6140,1
DA:6141,1
DA:6142,1
DA:6143,1
DA:6144,1
DA:6145,0
DA:6146,0
DA:6147,1
DA:6148,1
DA:6149,1
DA:6150,1
DA:6151,1
DA:6152,1
DA:6153,1
DA:6154,1
DA:6155,1
DA:6156,1
DA:6157,1
DA:6158,1
DA:6159,1
DA:6160,1
DA:6161,1
DA:6162,1
DA:6163,1
DA:6164,1
DA:6165,1
DA:6166,1
DA:6167,1
DA:6168,1
DA:6169,1
DA:6170,1
DA:6171,1
DA:6172,0
DA:6173,0
DA:6174,1
DA:6175,1
DA:6176,1
DA:6177,1
DA:6178,1
DA:6179,1
DA:6180,1
DA:6181,1
DA:6182,1
DA:6183,1
DA:6184,1
DA:6185,1
DA:6186,1
DA:6187,1
DA:6188,1
DA:6189,1
DA:6190,1
DA:6191,1
DA:6192,1
DA:6193,1
DA:6194,1
DA:6195,1
DA:6196,1
DA:6197,1
DA:6198,1
DA:6199,1
DA:6200,1
DA:6201,1
DA:6202,1
DA:6203,1
DA:6204,1
DA:6205,1
DA:6206,1
DA:6207,1
DA:6208,0
DA:6209,0
DA:6210,0
DA:6211,0
DA:6212,0
DA:6213,0
DA:6214,0
DA:6215,0
DA:6216,1
DA:6217,1
DA:6218,1
DA:6219,1
DA:6220,1
DA:6221,1
DA:6222,1
DA:6223,1
DA:6224,1
DA:6225,1
DA:6226,1
DA:6227,1
DA:6228,1
DA:6229,1
DA:6230,1
DA:6231,1
DA:6232,1
DA:6233,1
DA:6234,1
DA:6235,1
DA:6236,1
DA:6237,1
DA:6238,1
DA:6239,1
DA:6240,1
DA:6241,1
DA:6242,1
DA:6243,1
DA:6244,1
DA:6245,1
DA:6246,1
DA:6247,1
DA:6248,0
DA:6249,0
DA:6250,0
DA:6251,0
DA:6252,0
DA:6253,0
DA:6254,0
DA:6255,1
DA:6256,1
DA:6257,1
DA:6258,1
DA:6259,1
DA:6260,1
DA:6261,1
DA:6262,1
DA:6263,1
DA:6264,1
DA:6265,1
DA:6266,1
DA:6267,1
DA:6268,1
DA:6269,1
DA:6270,1
DA:6271,1
DA:6272,1
DA:6273,1
DA:6274,1
DA:6275,0
DA:6276,0
DA:6277,0
DA:6278,0
DA:6279,0
DA:6280,0
DA:6281,0
DA:6282,0
DA:6283,0
DA:6284,0
DA:6285,0
DA:6286,0
DA:6287,0
DA:6288,0
DA:6289,0
DA:6290,0
DA:6291,0
DA:6292,0
DA:6293,0
DA:6294,0
DA:6295,0
DA:6296,0
DA:6297,0
DA:6298,0
DA:6299,0
DA:6300,0
DA:6301,0
DA:6302,0
DA:6303,0
DA:6304,0
DA:6305,0
DA:6306,0
DA:6307,0
DA:6308,0
DA:6309,0
DA:6310,0
DA:6311,0
DA:6312,0
DA:6313,0
DA:6314,1
DA:6315,1
DA:6316,1
DA:6317,1
DA:6318,1
DA:6319,1
DA:6320,1
DA:6321,1
DA:6322,1
DA:6323,1
DA:6324,1
DA:6325,1
DA:6326,1
DA:6327,1
DA:6328,1
DA:6329,1
DA:6330,1
DA:6331,1
DA:6332,1
DA:6333,0
DA:6334,1
DA:6335,1
DA:6336,1
DA:6337,1
DA:6338,1
DA:6339,1
DA:6340,1
DA:6341,1
DA:6342,1
DA:6343,1
DA:6344,1
DA:6345,1
DA:6346,1
DA:6347,1
DA:6348,1
DA:6349,1
DA:6350,1
DA:6351,1
DA:6352,1
DA:6353,0
DA:6354,0
DA:6355,1
DA:6356,1
DA:6357,1
DA:6358,1
DA:6359,1
DA:6360,1
DA:6361,1
DA:6362,1
DA:6363,1
DA:6364,1
DA:6365,1
DA:6366,1
DA:6367,1
DA:6368,1
DA:6369,1
DA:6370,1
DA:6371,1
DA:6372,1
DA:6373,1
DA:6374,0
DA:6375,0
DA:6376,1
DA:6377,1
DA:6378,1
DA:6379,1
DA:6380,1
DA:6381,1
DA:6382,1
DA:6383,1
DA:6384,1
DA:6385,1
DA:6386,1
DA:6387,1
DA:6388,1
DA:6389,1
DA:6390,1
DA:6391,1
DA:6392,1
DA:6393,1
DA:6394,1
DA:6395,0
DA:6396,0
DA:6397,1
DA:6398,1
DA:6399,1
DA:6400,1
DA:6401,1
DA:6402,1
DA:6403,1
DA:6404,1
DA:6405,1
DA:6406,1
DA:6407,1
DA:6408,1
DA:6409,1
DA:6410,1
DA:6411,1
DA:6412,1
DA:6413,1
DA:6414,1
DA:6415,1
DA:6416,0
DA:6417,0
DA:6418,1
DA:6419,1
DA:6420,1
DA:6421,1
DA:6422,1
DA:6423,1
DA:6424,1
DA:6425,1
DA:6426,1
DA:6427,1
DA:6428,1
DA:6429,1
DA:6430,1
DA:6431,1
DA:6432,1
DA:6433,1
DA:6434,1
DA:6435,1
DA:6436,1
DA:6437,0
DA:6438,0
DA:6439,1
DA:6440,1
DA:6441,1
DA:6442,1
DA:6443,1
DA:6444,1
DA:6445,1
DA:6446,1
DA:6447,1
DA:6448,1
DA:6449,1
DA:6450,1
DA:6451,1
DA:6452,1
DA:6453,1
DA:6454,1
DA:6455,1
DA:6456,1
DA:6457,1
DA:6458,0
DA:6459,0
DA:6460,1
DA:6461,1
DA:6462,1
DA:6463,1
DA:6464,1
DA:6465,1
DA:6466,1
DA:6467,1
DA:6468,1
DA:6469,1
DA:6470,1
DA:6471,1
DA:6472,1
DA:6473,1
DA:6474,1
DA:6475,1
DA:6476,1
DA:6477,1
DA:6478,1
DA:6479,0
DA:6480,0
DA:6481,1
DA:6482,1
DA:6483,1
DA:6484,1
DA:6485,1
DA:6486,1
DA:6487,1
DA:6488,1
DA:6489,1
DA:6490,1
DA:6491,1
DA:6492,1
DA:6493,1
DA:6494,1
DA:6495,1
DA:6496,1
DA:6497,1
DA:6498,1
DA:6499,1
DA:6500,0
DA:6501,0
DA:6502,1
DA:6503,1
DA:6504,1
DA:6505,1
DA:6506,1
DA:6507,1
DA:6508,1
DA:6509,1
DA:6510,1
DA:6511,1
DA:6512,1
DA:6513,1
DA:6514,1
DA:6515,1
DA:6516,1
DA:6517,1
DA:6518,1
DA:6519,1
DA:6520,1
DA:6521,1
DA:6522,0
DA:6523,0
DA:6524,1
DA:6525,1
DA:6526,1
DA:6527,1
DA:6528,1
DA:6529,1
DA:6530,1
DA:6531,1
DA:6532,1
DA:6533,1
DA:6534,1
DA:6535,1
DA:6536,1
DA:6537,1
DA:6538,1
DA:6539,1
DA:6540,1
DA:6541,1
DA:6542,1
DA:6543,0
DA:6544,0
DA:6545,1
DA:6546,1
DA:6547,1
DA:6548,1
DA:6549,1
DA:6550,1
DA:6551,1
DA:6552,1
DA:6553,1
DA:6554,1
DA:6555,1
DA:6556,1
DA:6557,1
DA:6558,1
DA:6559,1
DA:6560,1
DA:6561,1
DA:6562,1
DA:6563,1
DA:6564,0
DA:6565,0
DA:6566,1
DA:6567,1
DA:6568,1
DA:6569,1
DA:6570,1
DA:6571,1
DA:6572,1
DA:6573,1
DA:6574,1
DA:6575,1
DA:6576,1
DA:6577,1
DA:6578,1
DA:6579,1
DA:6580,1
DA:6581,1
DA:6582,1
DA:6583,1
DA:6584,1
DA:6585,0
DA:6586,0
DA:6587,1
DA:6588,1
DA:6589,1
DA:6590,1
DA:6591,1
DA:6592,1
DA:6593,1
DA:6594,1
DA:6595,1
DA:6596,1
DA:6597,1
DA:6598,1
DA:6599,1
DA:6600,1
DA:6601,1
DA:6602,1
DA:6603,1
DA:6604,1
DA:6605,1
DA:6606,0
DA:6607,0
DA:6608,1
DA:6609,1
DA:6610,1
DA:6611,1
DA:6612,1
DA:6613,1
DA:6614,1
DA:6615,1
DA:6616,1
DA:6617,1
DA:6618,1
DA:6619,1
DA:6620,1
DA:6621,1
DA:6622,1
DA:6623,1
DA:6624,1
DA:6625,1
DA:6626,1
DA:6627,1
DA:6628,0
DA:6629,0
DA:6630,1
DA:6631,1
DA:6632,1
DA:6633,1
DA:6634,1
DA:6635,1
DA:6636,1
DA:6637,1
DA:6638,1
DA:6639,1
DA:6640,1
DA:6641,1
DA:6642,1
DA:6643,1
DA:6644,1
DA:6645,1
DA:6646,1
DA:6647,1
DA:6648,1
DA:6649,1
DA:6650,1
DA:6651,0
DA:6652,0
DA:6653,1
DA:6654,1
DA:6655,1
DA:6656,1
DA:6657,1
DA:6658,1
DA:6659,1
DA:6660,1
DA:6661,1
DA:6662,1
DA:6663,1
DA:6664,1
DA:6665,1
DA:6666,1
DA:6667,1
DA:6668,1
DA:6669,1
DA:6670,1
DA:6671,1
DA:6672,1
DA:6673,0
DA:6674,0
DA:6675,1
DA:6676,1
DA:6677,1
DA:6678,1
DA:6679,1
DA:6680,1
DA:6681,1
DA:6682,1
DA:6683,1
DA:6684,1
DA:6685,1
DA:6686,1
DA:6687,1
DA:6688,1
DA:6689,1
DA:6690,1
DA:6691,1
DA:6692,1
DA:6693,1
DA:6694,1
DA:6695,1
DA:6696,1
DA:6697,0
DA:6698,0
DA:6699,1
DA:6700,1
DA:6701,1
DA:6702,1
DA:6703,1
DA:6704,1
DA:6705,1
DA:6706,1
DA:6707,1
DA:6708,1
DA:6709,1
DA:6710,1
DA:6711,1
DA:6712,1
DA:6713,1
DA:6714,1
DA:6715,1
DA:6716,1
DA:6717,0
DA:6718,1
DA:6719,1
DA:6720,1
DA:6721,1
DA:6722,1
DA:6723,1
DA:6724,1
DA:6725,1
DA:6726,1
DA:6727,1
DA:6728,1
DA:6729,1
DA:6730,1
DA:6731,1
DA:6732,1
DA:6733,1
DA:6734,1
DA:6735,1
DA:6736,1
DA:6737,1
DA:6738,1
DA:6739,0
DA:6740,0
DA:6741,0
DA:6742,0
DA:6743,0
DA:6744,0
DA:6745,1
DA:6746,1
DA:6747,1
DA:6748,1
DA:6749,1
DA:6750,1
DA:6751,1
DA:6752,1
DA:6753,1
DA:6754,1
DA:6755,1
DA:6756,1
DA:6757,1
DA:6758,1
DA:6759,1
DA:6760,1
DA:6761,1
DA:6762,1
DA:6763,1
DA:6764,1
DA:6765,1
DA:6766,1
DA:6767,0
DA:6768,0
DA:6769,0
DA:6770,0
DA:6771,0
DA:6772,0
DA:6773,0
DA:6774,0
DA:6775,0
DA:6776,0
DA:6777,0
DA:6778,1
DA:6779,1
DA:6780,1
DA:6781,1
DA:6782,1
DA:6783,1
DA:6784,1
DA:6785,1
DA:6786,1
DA:6787,1
DA:6788,1
DA:6789,1
DA:6790,1
DA:6791,1
DA:6792,1
DA:6793,1
DA:6794,1
[...]
DA:12315,0
DA:12316,0
DA:12317,0
DA:12318,0
DA:12319,0
DA:12320,0
DA:12321,0
DA:12322,0
DA:12323,0
DA:12324,0
DA:12325,0
DA:12326,0
DA:12327,0
DA:12328,0
DA:12329,0
DA:12330,0
DA:12331,0
DA:12332,0
DA:12333,0
DA:12334,0
DA:12335,0
DA:12336,0
DA:12337,0
DA:12338,0
DA:12339,0
DA:12340,0
DA:12341,0
DA:12342,0
DA:12343,0
DA:12344,0
DA:12345,0
DA:12346,0
DA:12347,0
DA:12348,0
DA:12349,0
DA:12350,0
DA:12351,0
DA:12352,0
DA:12353,0
DA:12354,0
DA:12355,0
DA:12356,0
DA:12357,0
DA:12358,0
DA:12359,0
DA:12360,0
DA:12361,0
DA:12362,0
DA:12363,0
DA:12364,0
DA:12365,0
DA:12366,0
DA:12367,0
DA:12368,0
DA:12369,0
DA:12370,0
DA:12371,0
DA:12372,0
DA:12373,0
DA:12374,0
DA:12375,0
DA:12376,0
DA:12377,0
DA:12378,0
DA:12379,0
DA:12380,0
DA:12381,0
DA:12382,0
DA:12383,0
DA:12384,0
DA:12385,0
DA:12386,0
DA:12387,0
DA:12388,0
DA:12389,0
DA:12390,0
DA:12391,0
DA:12392,0
DA:12393,0
DA:12394,0
DA:12395,0
DA:12396,0
DA:12397,0
DA:12398,0
DA:12399,0
DA:12400,0
DA:12401,0
DA:12402,0
DA:12403,0
DA:12404,0
DA:12405,0
DA:12406,0
DA:12407,0
DA:12408,0
DA:12409,0
DA:12410,0
DA:12411,0
DA:12412,0
DA:12413,0
DA:12414,0
DA:12415,0
DA:12416,0
DA:12417,0
DA:12418,0
DA:12419,0
DA:12420,0
DA:12421,0
DA:12422,0
DA:12423,0
DA:12424,0
DA:12425,0
DA:12426,0
DA:12427,0
DA:12428,0
DA:12429,0
DA:12430,0
DA:12431,0
DA:12432,0
DA:12433,0
DA:12434,0
DA:12435,0
DA:12436,0
DA:12437,0
DA:12438,0
DA:12439,0
DA:12440,0
DA:12441,0
DA:12442,0
DA:12443,0
DA:12444,0
DA:12445,0
DA:12446,0
DA:12447,0
DA:12448,0
DA:12449,0
DA:12450,0
DA:12451,0
DA:12452,0
DA:12453,0
DA:12454,0
DA:12455,0
DA:12456,0
DA:12457,0
DA:12458,0
DA:12459,0
DA:12460,0
DA:12461,0
DA:12462,0
DA:12463,0
DA:12464,0
DA:12465,0
DA:12466,0
DA:12467,0
DA:12468,0
DA:12469,0
DA:12470,0
DA:12471,0
DA:12472,0
DA:12473,0
DA:12474,0
DA:12475,0
DA:12476,0
DA:12477,0
DA:12478,0
DA:12479,0
DA:12480,0
DA:12481,0
DA:12482,0
DA:12483,0
DA:12484,0
DA:12485,0
DA:12486,0
DA:12487,0
DA:12488,0
DA:12489,0
DA:12490,0
DA:12491,0
DA:12492,0
DA:12493,0
DA:12494,0
DA:12495,0
DA:12496,0
DA:12497,0
DA:12498,0
DA:12499,0
DA:12500,0
DA:12501,0
DA:12502,0
DA:12503,0
DA:12504,0
DA:12505,0
DA:12506,0
DA:12507,0
DA:12508,0
DA:12509,0
DA:12510,0
DA:12511,0
DA:12512,0
DA:12513,0
DA:12514,0
DA:12515,0
DA:12516,0
DA:12517,0
DA:12518,0
DA:12519,0
DA:12520,0
DA:12521,0
DA:12522,0
DA:12523,0
DA:12524,0
DA:12525,0
DA:12526,0
DA:12527,0
DA:12528,0
DA:12529,0
DA:12530,0
DA:12531,0
DA:12532,0
DA:12533,0
DA:12534,0
DA:12535,0
DA:12536,0
DA:12537,0
DA:12538,0
DA:12539,0
DA:12540,0
DA:12541,0
DA:12542,0
DA:12543,0
DA:12544,0
DA:12545,0
DA:12546,0
DA:12547,0
DA:12548,0
DA:12549,0
DA:12550,0
DA:12551,0
DA:12552,0
DA:12553,0
DA:12554,0
DA:12555,0
DA:12556,0
DA:12557,0
DA:12558,0
DA:12559,0
DA:12560,0
DA:12561,0
DA:12562,0
DA:12563,0
DA:12564,0
DA:12565,0
DA:12566,0
DA:12567,0
DA:12568,0
DA:12569,0
DA:12570,0
DA:12571,0
DA:12572,0
DA:12573,0
DA:12574,0
DA:12575,0
DA:12576,0
DA:12577,0
DA:12578,0
DA:12579,0
DA:12580,0
DA:12581,0
DA:12582,0
DA:12583,0
DA:12584,0
DA:12585,0
DA:12586,0
DA:12587,0
DA:12588,0
DA:12589,0
DA:12590,0
DA:12591,0
DA:12592,0
DA:12593,0
DA:12594,0
DA:12595,0
DA:12596,0
DA:12597,0
DA:12598,0
DA:12599,0
DA:12600,0
DA:12601,0
DA:12602,0
DA:12603,0
DA:12604,0
DA:12605,0
DA:12606,0
DA:12607,0
DA:12608,0
DA:12609,0
DA:12610,0
DA:12611,0
DA:12612,0
DA:12613,0
DA:12614,0
DA:12615,0
DA:12616,0
DA:12617,0
DA:12618,0
DA:12619,0
DA:12620,0
DA:12621,0
DA:12622,0
DA:12623,0
DA:12624,0
DA:12625,0
DA:12626,0
DA:12627,0
DA:12628,0
DA:12629,0
DA:12630,0
DA:12631,0
DA:12632,0
DA:12633,0
DA:12634,0
DA:12635,0
DA:12636,0
DA:12637,0
DA:12638,0
DA:12639,0
DA:12640,0
DA:12641,0
DA:12642,0
DA:12643,0
DA:12644,0
DA:12645,0
DA:12646,0
DA:12647,0
DA:12648,0
DA:12649,0
DA:12650,0
DA:12651,0
DA:12652,0
DA:12653,0
DA:12654,0
DA:12655,0
DA:12656,0
DA:12657,0
DA:12658,0
DA:12659,0
DA:12660,0
DA:12661,0
DA:12662,0
DA:12663,0
DA:12664,0
DA:12665,0
DA:12666,0
DA:12667,0
DA:12668,0
DA:12669,0
DA:12670,0
DA:12671,0
DA:12672,0
DA:12673,0
DA:12674,0
DA:12675,0
DA:12676,0
DA:12677,0
DA:12678,0
DA:12679,0
DA:12680,0
DA:12681,0
DA:12682,0
DA:12683,0
DA:12684,0
DA:12685,0
DA:12686,0
DA:12687,0
DA:12688,0
DA:12689,0
DA:12690,0
DA:12691,0
DA:12692,0
DA:12693,0
DA:12694,1
DA:12695,1
DA:12696,1
DA:12697,1
DA:12698,1
DA:12699,1
DA:12700,1
DA:12701,1
DA:12702,1
DA:12703,1
DA:12704,1
DA:12705,1
DA:12706,1
DA:12707,1
DA:12708,0
DA:12709,0
DA:12710,0
DA:12711,0
DA:12712,0
DA:12713,0
DA:12714,0
DA:12715,0
DA:12716,0
DA:12717,0
DA:12718,0
DA:12719,0
DA:12720,0
DA:12721,0
DA:12722,0
DA:12723,0
DA:12724,0
DA:12725,0
DA:12726,0
DA:12727,0
DA:12728,0
DA:12729,0
DA:12730,0
DA:12731,0
DA:12732,0
DA:12733,0
DA:12734,0
DA:12735,0
DA:12736,0
DA:12737,0
DA:12738,1
DA:12739,1
DA:12740,1
DA:12741,1
DA:12742,1
DA:12743,1
DA:12744,1
DA:12745,1
DA:12746,1
DA:12747,1
DA:12748,1
DA:12749,1
DA:12750,1
DA:12751,1
DA:12752,1
DA:12753,1
DA:12754,1
DA:12755,1
DA:12756,1
DA:12757,1
DA:12758,1
DA:12759,1
DA:12760,1
DA:12761,1
DA:12762,1
DA:12763,1
DA:12764,1
DA:12765,1
DA:12766,1
DA:12767,1
DA:12768,1
DA:12769,1
DA:12770,1
DA:12771,1
DA:12772,1
DA:12773,0
DA:12774,0
DA:12775,0
DA:12776,0
DA:12777,0
DA:12778,0
DA:12779,0
DA:12780,0
DA:12781,0
DA:12782,0
DA:12783,0
DA:12784,0
DA:12785,0
DA:12786,0
DA:12787,0
DA:12788,0
DA:12789,0
DA:12790,0
DA:12791,0
DA:12792,0
DA:12793,0
DA:12794,0
DA:12795,0
DA:12796,0
DA:12797,1
DA:12798,1
DA:12799,1
DA:12800,1
DA:12801,1
DA:12802,1
DA:12803,1
DA:12804,1
DA:12805,1
DA:12806,1
DA:12807,1
DA:12808,1
DA:12809,1
DA:12810,0
DA:12811,0
DA:12812,0
DA:12813,0
DA:12814,0
DA:12815,0
DA:12816,0
DA:12817,0
DA:12818,0
DA:12819,0
DA:12820,0
DA:12821,1
DA:12822,0
DA:12823,0
DA:12824,0
DA:12825,0
DA:12826,0
DA:12827,0
DA:12828,0
DA:12829,0
DA:12830,0
DA:12831,0
DA:12832,0
DA:12833,0
DA:12834,0
DA:12835,0
DA:12836,0
DA:12837,0
DA:12838,0
DA:12839,0
DA:12840,0
DA:12841,0
DA:12842,0
DA:12843,0
DA:12844,0
DA:12845,0
DA:12846,0
DA:12847,0
DA:12848,0
DA:12849,0
DA:12850,0
DA:12851,0
DA:12852,0
DA:12853,0
DA:12854,0
DA:12855,0
DA:12856,1
DA:12857,1
DA:12858,1
DA:12859,1
DA:12860,0
DA:12861,0
DA:12862,0
DA:12863,0
DA:12864,0
DA:12865,0
DA:12866,0
DA:12867,0
DA:12868,0
DA:12869,0
DA:12870,0
DA:12871,0
DA:12872,0
DA:12873,0
DA:12874,0
DA:12875,0
DA:12876,0
DA:12877,0
DA:12878,0
DA:12879,0
DA:12880,1
DA:12881,1
DA:12882,1
DA:12883,1
DA:12884,1
DA:12885,1
DA:12886,1
DA:12887,1
DA:12888,1
DA:12889,1
DA:12890,1
DA:12891,1
DA:12892,0
DA:12893,0
DA:12894,0
DA:12895,0
DA:12896,0
DA:12897,0
DA:12898,0
DA:12899,0
DA:12900,0
DA:12901,1
DA:12902,1
DA:12903,1
DA:12904,1
DA:12905,1
DA:12906,1
DA:12907,1
DA:12908,1
DA:12909,1
DA:12910,1
DA:12911,1
DA:12912,1
DA:12913,1
DA:12914,1
DA:12915,1
DA:12916,1
DA:12917,1
DA:12918,1
DA:12919,1
DA:12920,1
DA:12921,1
DA:12922,0
DA:12923,0
DA:12924,1
DA:12925,1
DA:12926,1
DA:12927,1
DA:12928,1
DA:12929,0
DA:12930,0
DA:12931,0
DA:12932,0
DA:12933,1
DA:12934,1
DA:12935,1
DA:12936,1
DA:12937,1
DA:12938,0
DA:12939,0
DA:12940,0
DA:12941,0
DA:12942,1
DA:12943,1
DA:12944,0
DA:12945,0
DA:12946,0
DA:12947,0
DA:12948,1
DA:12949,0
DA:12950,0
DA:12951,0
DA:12952,0
DA:12953,0
DA:12954,0
DA:12955,0
DA:12956,0
DA:12957,0
DA:12958,0
DA:12959,0
DA:12960,0
DA:12961,0
DA:12962,0
DA:12963,0
DA:12964,0
DA:12965,0
DA:12966,0
DA:12967,0
DA:12968,0
DA:12969,0
DA:12970,0
DA:12971,0
DA:12972,0
DA:12973,0
DA:12974,0
DA:12975,0
DA:12976,0
DA:12977,0
DA:12978,0
DA:12979,0
DA:12980,0
DA:12981,0
DA:12982,0
DA:12983,0
DA:12984,0
DA:12985,0
DA:12986,0
DA:12987,0
DA:12988,0
DA:12989,0
DA:12990,0
DA:12991,0
DA:12992,0
DA:12993,0
DA:12994,0
DA:12995,0
DA:12996,0
DA:12997,0
DA:12998,0
DA:12999,0
DA:13000,0
DA:13001,0
DA:13002,0
DA:13003,0
DA:13004,0
DA:13005,0
DA:13006,0
DA:13007,0
DA:13008,0
DA:13009,0
DA:13010,0
DA:13011,0
DA:13012,0
DA:13013,0
DA:13014,1
DA:13015,0
DA:13016,0
DA:13017,0
DA:13018,1
DA:13019,0
DA:13020,0
DA:13021,0
DA:13022,0
DA:13023,0
DA:13024,0
DA:13025,0
DA:13026,0
DA:13027,0
DA:13028,0
DA:13029,0
DA:13030,0
DA:13031,0
DA:13032,0
DA:13033,0
DA:13034,0
DA:13035,0
DA:13036,0
DA:13037,0
DA:13038,0
DA:13039,0
DA:13040,0
DA:13041,0
DA:13042,0
DA:13043,0
DA:13044,0
DA:13045,0
DA:13046,0
DA:13047,0
DA:13048,0
DA:13049,0
DA:13050,0
DA:13051,0
DA:13052,0
DA:13053,0
DA:13054,0
DA:13055,0
DA:13056,0
DA:13057,0
DA:13058,0
DA:13059,0
DA:13060,1
DA:13061,1
DA:13062,1
DA:13063,1
DA:13064,1
DA:13065,0
DA:13066,0
DA:13067,0
DA:13068,0
DA:13069,1
DA:13070,1
DA:13071,0
DA:13072,0
DA:13073,0
DA:13074,0
DA:13075,0
DA:13076,1
DA:13077,1
DA:13078,1
DA:13079,1
DA:13080,1
DA:13081,1
DA:13082,0
DA:13083,0
DA:13084,0
DA:13085,0
DA:13086,1
DA:13087,1
DA:13088,1
DA:13089,1
DA:13090,1
DA:13091,0
DA:13092,0
DA:13093,0
DA:13094,0
DA:13095,1
DA:13096,0
DA:13097,0
DA:13098,0
DA:13099,0
DA:13100,0
DA:13101,0
DA:13102,0
DA:13103,0
DA:13104,0
DA:13105,0
DA:13106,0
DA:13107,0
DA:13108,0
DA:13109,0
DA:13110,0
DA:13111,0
DA:13112,0
DA:13113,0
DA:13114,0
DA:13115,0
DA:13116,0
DA:13117,0
DA:13118,0
DA:13119,1
DA:13120,0
DA:13121,0
DA:13122,0
DA:13123,0
DA:13124,0
DA:13125,0
DA:13126,0
DA:13127,0
DA:13128,0
DA:13129,1
DA:13130,0
DA:13131,0
DA:13132,0
DA:13133,0
DA:13134,0
DA:13135,0
DA:13136,0
DA:13137,0
DA:13138,0
DA:13139,0
DA:13140,0
DA:13141,0
DA:13142,0
DA:13143,0
DA:13144,0
DA:13145,0
DA:13146,0
DA:13147,0
DA:13148,0
DA:13149,0
DA:13150,0
DA:13151,0
DA:13152,0
DA:13153,0
DA:13154,0
DA:13155,0
DA:13156,0
DA:13157,0
DA:13158,0
DA:13159,0
DA:13160,0
DA:13161,0
DA:13162,0
DA:13163,0
DA:13164,0
DA:13165,0
DA:13166,0
DA:13167,1
DA:13168,1
DA:13169,1
DA:13170,1
DA:13171,1
DA:13172,0
DA:13173,0
DA:13174,1
DA:13175,1
DA:13176,1
DA:13177,0
DA:13178,0
DA:13179,1
DA:13180,1
DA:13181,1
DA:13182,1
DA:13183,0
DA:13184,0
DA:13185,0
DA:13186,1
DA:13187,1
DA:13188,1
DA:13189,1
DA:13190,1
DA:13191,1
DA:13192,1
DA:13193,1
DA:13194,1
DA:13195,0
DA:13196,0
DA:13197,0
DA:13198,0
DA:13199,0
DA:13200,0
DA:13201,1
DA:13202,1
DA:13203,2
DA:13204,2
DA:13205,2
DA:13206,1
DA:13207,1
DA:13208,1
DA:13209,1
DA:13210,1
DA:13211,1
DA:13212,1
DA:13213,1
DA:13214,1
DA:13215,1
DA:13216,0
DA:13217,0
DA:13218,0
DA:13219,0
DA:13220,0
DA:13221,0
DA:13222,0
DA:13223,0
DA:13224,0
DA:13225,0
DA:13226,2
DA:13227,1
DA:13228,2
DA:13229,0
DA:13230,0
DA:13231,0
DA:13232,0
DA:13233,0
DA:13234,1
DA:13235,2
DA:13236,2
DA:13237,2
DA:13238,2
DA:13239,2
DA:13240,2
DA:13241,2
DA:13242,2
DA:13243,2
DA:13244,2
DA:13245,2
DA:13246,2
DA:13247,2
DA:13248,2
DA:13249,2
DA:13250,2
DA:13251,2
DA:13252,2
DA:13253,2
DA:13254,2
DA:13255,2
DA:13256,2
DA:13257,2
DA:13258,0
DA:13259,0
DA:13260,0
DA:13261,0
DA:13262,0
DA:13263,0
DA:13264,0
DA:13265,0
DA:13266,0
DA:13267,0
DA:13268,0
DA:13269,0
DA:13270,0
DA:13271,0
DA:13272,0
DA:13273,0
DA:13274,0
DA:13275,0
DA:13276,0
DA:13277,0
DA:13278,0
DA:13279,0
DA:13280,0
DA:13281,0
DA:13282,0
DA:13283,0
DA:13284,0
DA:13285,0
DA:13286,0
DA:13287,0
DA:13288,0
DA:13289,0
DA:13290,0
DA:13291,0
DA:13292,0
DA:13293,0
DA:13294,2
DA:13295,2
DA:13296,2
DA:13297,2
DA:13298,2
DA:13299,2
DA:13300,0
DA:13301,0
DA:13302,0
DA:13303,0
DA:13304,0
DA:13305,0
DA:13306,0
DA:13307,0
DA:13308,0
DA:13309,0
DA:13310,0
DA:13311,0
DA:13312,0
DA:13313,0
DA:13314,0
DA:13315,0
DA:13316,0
DA:13317,0
DA:13318,0
DA:13319,0
DA:13320,0
DA:13321,0
DA:13322,0
DA:13323,0
DA:13324,0
DA:13325,0
DA:13326,0
DA:13327,0
DA:13328,2
DA:13329,2
DA:13330,2
DA:13331,2
DA:13332,2
DA:13333,0
DA:13334,0
DA:13335,0
DA:13336,0
DA:13337,0
DA:13338,0
DA:13339,0
DA:13340,0
DA:13341,0
DA:13342,0
DA:13343,0
DA:13344,0
DA:13345,0
DA:13346,0
DA:13347,0
DA:13348,0
DA:13349,2
DA:13350,2
DA:13351,2
DA:13352,2
DA:13353,2
DA:13354,2
DA:13355,2
DA:13356,2
DA:13357,2
DA:13358,2
DA:13359,0
DA:13360,0
DA:13361,0
DA:13362,0
DA:13363,0
DA:13364,0
DA:13365,0
DA:13366,0
DA:13367,0
DA:13368,0
DA:13369,0
DA:13370,0
DA:13371,0
DA:13372,0
DA:13373,0
DA:13374,0
DA:13375,0
DA:13376,0
DA:13377,0
DA:13378,0
DA:13379,0
DA:13380,0
DA:13381,0
DA:13382,0
DA:13383,2
DA:13384,2
DA:13385,2
DA:13386,2
DA:13387,2
DA:13388,2
DA:13389,2
DA:13390,2
DA:13391,2
DA:13392,2
DA:13393,2
DA:13394,2
DA:13395,2
DA:13396,2
DA:13397,2
DA:13398,2
DA:13399,2
DA:13400,2
DA:13401,2
DA:13402,2
DA:13403,2
DA:13404,2
DA:13405,2
DA:13406,2
DA:13407,2
DA:13408,2
DA:13409,2
DA:13410,2
DA:13411,2
DA:13412,2
DA:13413,2
DA:13414,2
DA:13415,2
DA:13416,2
DA:13417,0
DA:13418,0
DA:13419,0
DA:13420,0
DA:13421,0
DA:13422,0
DA:13423,0
DA:13424,0
DA:13425,0
DA:13426,0
DA:13427,2
DA:13428,2
DA:13429,0
DA:13430,0
DA:13431,0
DA:13432,2
DA:13433,2
DA:13434,0
DA:13435,0
DA:13436,0
DA:13437,0
DA:13438,0
DA:13439,0
DA:13440,0
DA:13441,0
DA:13442,0
DA:13443,2
DA:13444,2
DA:13445,0
DA:13446,0
DA:13447,0
DA:13448,0
DA:13449,0
DA:13450,0
DA:13451,0
DA:13452,0
DA:13453,0
DA:13454,0
DA:13455,0
DA:13456,0
DA:13457,0
DA:13458,0
DA:13459,0
DA:13460,0
DA:13461,0
DA:13462,0
DA:13463,0
DA:13464,0
DA:13465,0
DA:13466,0
DA:13467,0
DA:13468,0
DA:13469,0
DA:13470,0
DA:13471,0
DA:13472,0
DA:13473,0
DA:13474,0
DA:13475,0
DA:13476,0
DA:13477,0
DA:13478,0
DA:13479,0
DA:13480,0
DA:13481,0
DA:13482,0
DA:13483,0
DA:13484,0
DA:13485,0
DA:13486,0
LF:13486
LH:3964
BRDA:2,0,0,1
BRDA:19,1,0,1
BRDA:20,2,0,0
BRDA:60,3,0,1
BRDA:64,4,0,1
BRDA:72,5,0,1
BRDA:90,6,0,2
BRDA:92,7,0,4
BRDA:113,8,0,2
BRDA:277,9,0,42
BRDA:281,10,0,40
BRDA:410,11,0,1
BRDA:533,12,0,2
BRDA:539,13,0,0
BRDA:540,14,0,0
BRDA:656,15,0,35
BRDA:657,16,0,2
BRDA:667,17,0,35
BRDA:668,18,0,2
BRDA:670,19,0,0
BRDA:684,20,0,1
BRDA:713,21,0,1
BRDA:716,22,0,1
BRDA:756,23,0,1
BRDA:863,24,0,1
BRDA:901,25,0,1
BRDA:1083,26,0,2
BRDA:1208,27,0,1
BRDA:1497,28,0,1
BRDA:1820,29,0,1
BRDA:2036,30,0,1
BRDA:2122,31,0,1
BRDA:2143,32,0,26
BRDA:2190,33,0,1
BRDA:2499,34,0,1
BRDA:2592,35,0,1
BRDA:2834,36,0,2
BRDA:2847,37,0,2
BRDA:2854,38,0,0
BRDA:2865,39,0,0
BRDA:2870,40,0,0
BRDA:2874,41,0,0
BRDA:2880,42,0,0
BRDA:2884,43,0,0
BRDA:2889,44,0,0
BRDA:2894,45,0,0
BRDA:2899,46,0,0
BRDA:2904,47,0,0
BRDA:2909,48,0,0
BRDA:2914,49,0,0
BRDA:2919,50,0,0
BRDA:2963,51,0,1
BRDA:2981,52,0,1
BRDA:3060,53,0,1
BRDA:3070,54,0,2
BRDA:3073,55,0,0
BRDA:3074,56,0,0
BRDA:3402,57,0,2
BRDA:3406,58,0,0
BRDA:3408,59,0,0
BRDA:3417,60,0,0
BRDA:3434,61,0,2
BRDA:3448,62,0,7
BRDA:3522,63,0,1
BRDA:3687,64,0,1
BRDA:3881,65,0,1
BRDA:3908,66,0,2
BRDA:3927,67,0,0
BRDA:3933,68,0,0
BRDA:3948,69,0,2
BRDA:3949,70,0,0
BRDA:3956,71,0,0
BRDA:3962,72,0,0
BRDA:3982,73,0,0
BRDA:3986,74,0,0
BRDA:3992,75,0,0
BRDA:4010,76,0,0
BRDA:4013,77,0,2
BRDA:4015,78,0,0
BRDA:4017,79,0,0
BRDA:4018,80,0,0
BRDA:4022,81,0,0
BRDA:4023,82,0,0
BRDA:4027,83,0,0
BRDA:4028,84,0,0
BRDA:4034,85,0,2
BRDA:4037,86,0,0
BRDA:4037,87,0,0
BRDA:4039,88,0,0
BRDA:4131,89,0,35
BRDA:4140,90,0,1
BRDA:4143,91,0,2
BRDA:4145,92,0,0
BRDA:4155,93,0,1
BRDA:4161,94,0,2
BRDA:4163,95,0,37
BRDA:4166,96,0,9
BRDA:4182,97,0,1
BRDA:4192,98,0,1
BRDA:4228,99,0,10
BRDA:4195,100,0,1
BRDA:4197,101,0,1
BRDA:4200,102,0,1
BRDA:4204,103,0,1
BRDA:4206,104,0,1
BRDA:4210,105,0,1
BRDA:4212,106,0,1
BRDA:4216,107,0,1
BRDA:4218,108,0,1
BRDA:4221,109,0,1
BRDA:4242,110,0,24
BRDA:4246,111,0,26
BRDA:4249,112,0,414
BRDA:4257,113,0,0
BRDA:4259,114,0,0
BRDA:4260,115,0,0
BRDA:4276,116,0,9
BRDA:4280,117,0,165
BRDA:4291,118,0,0
BRDA:4307,119,0,0
BRDA:4329,120,0,15
BRDA:4333,121,0,249
BRDA:4344,122,0,1
BRDA:4372,123,0,1
BRDA:4379,124,0,1
BRDA:4381,125,0,0
BRDA:4385,126,0,0
BRDA:4391,127,0,1
BRDA:4425,128,0,10
BRDA:4435,129,0,0
BRDA:4449,130,0,1
BRDA:4461,131,0,2
BRDA:4466,132,0,0
BRDA:4470,133,0,1
BRDA:4478,134,0,2
BRDA:4487,135,0,1
BRDA:4500,136,0,1
BRDA:4512,137,0,1
BRDA:4520,138,0,1
BRDA:4532,139,0,2
BRDA:4539,140,0,2
BRDA:4544,141,0,1
BRDA:4554,142,0,1
BRDA:4558,143,0,2
BRDA:4561,144,0,0
BRDA:4576,145,0,1
BRDA:4634,146,0,1
BRDA:4684,147,0,1
BRDA:4697,148,0,2
BRDA:4699,149,0,0
BRDA:4704,150,0,4
BRDA:4706,151,0,10
BRDA:4707,152,0,8
BRDA:4712,153,0,4
BRDA:4717,154,0,8
BRDA:4719,155,0,0
BRDA:4720,156,0,0
BRDA:4730,157,0,2
BRDA:4732,158,0,0
BRDA:4735,159,0,0
BRDA:4736,160,0,0
BRDA:4786,161,0,0
BRDA:4794,162,0,0
BRDA:4800,163,0,0
BRDA:4801,164,0,0
BRDA:4806,165,0,0
BRDA:4827,166,0,0
BRDA:4836,167,0,0
BRDA:4841,168,0,0
BRDA:4741,169,0,2
BRDA:4745,170,0,0
BRDA:4750,171,0,0
BRDA:4751,172,0,0
BRDA:4757,173,0,0
BRDA:4765,174,0,0
BRDA:4847,175,0,2
BRDA:4850,176,0,0
BRDA:4864,177,0,0
BRDA:4869,178,0,2
BRDA:4876,179,0,0
BRDA:4903,180,0,0
BRDA:4913,181,0,0
BRDA:4915,182,0,0
BRDA:4922,183,0,0
BRDA:4932,184,0,1
BRDA:4960,185,0,2
BRDA:4962,186,0,0
BRDA:5024,187,0,1
BRDA:5080,188,0,1
BRDA:5095,189,0,1
BRDA:5145,190,0,1
BRDA:5173,191,0,1
BRDA:5181,192,0,2
BRDA:5182,193,0,0
BRDA:5189,194,0,0
BRDA:5196,195,0,0
BRDA:5203,196,0,1
BRDA:5214,197,0,0
BRDA:5219,198,0,0
BRDA:5226,199,0,1
BRDA:5243,200,0,1
BRDA:5278,201,0,1
BRDA:5286,202,0,1
BRDA:5303,203,0,0
BRDA:5306,204,0,6
BRDA:5309,205,0,141
BRDA:5312,206,0,4
BRDA:5315,207,0,137
BRDA:5317,208,0,5
BRDA:5318,209,0,132
BRDA:5327,210,0,1
BRDA:5335,211,0,1
BRDA:5347,212,0,1
BRDA:5354,213,0,1
BRDA:5361,214,0,1
BRDA:5367,215,0,1
BRDA:5374,216,0,1
BRDA:5391,217,0,0
BRDA:5401,218,0,1
BRDA:5411,219,0,26
BRDA:5415,220,0,1
BRDA:5433,221,0,1
BRDA:5585,222,0,1
BRDA:5607,223,0,0
BRDA:5609,224,0,0
BRDA:5611,225,0,0
BRDA:5636,226,0,0
BRDA:5649,227,0,0
BRDA:6508,228,0,0
BRDA:6512,229,0,0
BRDA:6515,230,0,0
BRDA:6520,231,0,0
BRDA:6544,232,0,0
BRDA:6268,233,0,1
BRDA:7591,234,0,1
BRDA:7608,235,0,1
BRDA:7645,236,0,15
BRDA:7650,237,0,0
BRDA:7653,238,0,0
BRDA:7661,239,0,0
BRDA:7667,240,0,0
BRDA:7723,241,0,11
BRDA:7761,242,0,2
BRDA:8024,243,0,1
BRDA:8043,244,0,1
BRDA:8063,245,0,1
BRDA:8078,246,0,11
BRDA:8080,247,0,0
BRDA:8089,248,0,1
BRDA:8107,249,0,1
BRDA:8128,250,0,1
BRDA:8189,251,0,1
BRDA:8239,252,0,1
BRDA:8251,253,0,1
BRDA:8252,254,0,15
BRDA:8304,255,0,1
BRDA:8602,256,0,3
BRDA:8610,257,0,1
BRDA:8630,258,0,1
BRDA:8663,259,0,1
BRDA:8680,260,0,1
BRDA:8703,261,0,1
BRDA:8718,262,0,1
BRDA:8749,263,0,1
BRDA:8769,264,0,1
BRDA:8785,265,0,1
BRDA:8806,266,0,1
BRDA:8823,267,0,1
BRDA:8855,268,0,1
BRDA:8871,269,0,1
BRDA:8904,270,0,1
BRDA:8977,271,0,1
BRDA:9147,272,0,26
BRDA:9153,273,0,1
BRDA:9181,274,0,1
BRDA:9181,275,0,1
BRDA:9183,276,0,0
BRDA:9186,277,0,1
BRDA:9189,278,0,1
BRDA:9192,279,0,0
BRDA:12695,280,0,1
BRDA:13194,281,0,0
BRDA:12770,282,0,1
BRDA:12771,283,0,0
BRDA:12912,284,0,1
BRDA:13202,285,0,2
BRDA:13216,286,0,0
BRDA:13205,287,0,1
BRDA:13227,288,0,2
BRDA:13235,289,0,2
BRF:290
BRH:184
end_of_record
TN:
SF:src\imagenes.json
FNF:0
FNH:0
DA:1,1
DA:2,1
DA:3,1
DA:4,1
DA:5,1
DA:6,1
DA:7,1
DA:8,1
DA:9,1
DA:10,1
DA:11,1
DA:12,1
DA:13,1
DA:14,1
DA:15,1
DA:16,1
DA:17,1
DA:18,1
DA:19,1
DA:20,1
DA:21,1
DA:22,1
DA:23,1
DA:24,1
DA:25,1
DA:26,1
DA:27,1
DA:28,1
DA:29,1
DA:30,1
DA:31,1
DA:32,1
LF:32
LH:32
BRDA:1,0,0,1
BRF:1
BRH:1
end_of_record
TN:
SF:src\my-element.ts
FN:9,MyElement
FN:46,task
FN:52,args
FN:55,render
FN:63,initial
FN:64,pending
FN:65,complete
FN:73,error
FN:81,_onChange
FNF:9
FNH:6
FNDA:2,MyElement
FNDA:2,task
FNDA:3,args
FNDA:3,render
FNDA:0,initial
FNDA:2,pending
FNDA:1,complete
FNDA:0,error
FNDA:0,_onChange
DA:1,1
DA:2,1
DA:3,1
DA:4,1
DA:5,1
DA:6,1
DA:7,1
DA:8,1
DA:9,1
DA:10,2
DA:11,2
DA:12,2
DA:13,2
DA:14,2
DA:15,2
DA:16,2
DA:17,2
DA:18,2
DA:19,2
DA:20,2
DA:21,2
DA:22,2
DA:23,2
DA:24,2
DA:25,2
DA:26,2
DA:27,2
DA:28,2
DA:29,2
DA:30,2
DA:31,2
DA:32,2
DA:33,2
DA:34,2
DA:35,2
DA:36,2
DA:37,2
DA:38,2
DA:39,2
DA:40,2
DA:41,2
DA:42,2
DA:43,2
DA:44,2
DA:45,2
DA:46,2
DA:47,2
DA:48,0
DA:49,0
DA:50,2
DA:51,2
DA:52,2
DA:53,2
DA:54,1
DA:55,3
DA:56,3
DA:57,3
DA:58,3
DA:59,3
DA:60,3
DA:61,3
DA:62,3
DA:63,3
DA:64,3
DA:65,3
DA:66,1
DA:67,1
DA:68,1
DA:69,1
DA:70,3
DA:71,3
DA:72,3
DA:73,3
DA:74,0
DA:75,3
DA:76,3
DA:77,3
DA:78,3
DA:79,3
DA:80,1
DA:81,0
DA:82,0
DA:83,0
DA:84,1
DA:85,1
LF:85
LH:79
BRDA:9,0,0,2
BRDA:46,1,0,2
BRDA:47,2,0,0
BRDA:52,3,0,3
BRDA:55,4,0,3
BRDA:64,5,0,2
BRDA:65,6,0,1
BRF:7
BRH:6
end_of_record
TN:
SF:src\npm.ts
FN:3,fetchImagen
FN:8,response.numero_de_imagen
FNF:2
FNH:2
FNDA:4,fetchImagen
FNDA:4,response.numero_de_imagen
DA:1,1
DA:2,1
DA:3,1
DA:4,4
DA:5,4
DA:6,4
DA:7,4
DA:8,4
DA:9,3
DA:10,3
DA:11,3
DA:12,3
DA:13,3
DA:14,3
DA:15,3
DA:16,3
DA:17,4
DA:18,15
DA:19,2
DA:20,2
DA:21,2
DA:22,2
DA:23,15
DA:24,3
DA:25,4
DA:26,2
DA:27,2
DA:28,2
DA:29,1
DA:30,1
LF:30
LH:30
BRDA:3,0,0,4
BRDA:8,1,0,3
BRDA:17,2,0,15
BRDA:18,3,0,2
BRDA:23,4,0,3
BRDA:25,5,0,2
BRDA:28,6,0,1
BRDA:8,7,0,4
BRF:8
BRH:8
end_of_record
